2023-06-01 18:58:44,765 - mylog - INFO - This is the main thread
2023-06-05 18:21:53,095 - mylog - INFO - 主线程启动开始
2023-06-05 18:24:11,032 - mylog - INFO - 数据已经写入文件中
2023-06-05 18:24:26,700 - mylog - INFO - 数据已经写入文件中
2023-06-05 18:27:23,928 - mylog - INFO - 主线程启动开始
2023-06-05 18:34:53,545 - mylog - INFO - 数据已经写入文件中
2023-06-05 18:36:31,859 - mylog - INFO - 主线程启动开始
2023-06-05 18:36:48,303 - mylog - INFO - 主线程启动开始
2023-06-05 18:36:57,194 - mylog - INFO - 数据已经写入文件中
2023-06-05 18:37:06,046 - mylog - INFO - 数据已经写入文件中
2023-06-05 18:38:23,164 - mylog - INFO - 主线程启动开始
2023-06-05 18:38:31,787 - mylog - DEBUG - 总数据get
2023-06-05 18:38:31,957 - mylog - INFO - 数据已经写入文件中
2023-06-05 18:38:40,736 - mylog - DEBUG - 总数据get
2023-06-05 18:38:40,764 - mylog - INFO - 数据已经写入文件中
2023-06-05 18:49:22,105 - mylog - DEBUG - 总数据get
2023-06-05 18:49:22,186 - mylog - INFO - 数据已经写入文件中
2023-06-05 18:59:11,920 - mylog - DEBUG - 总数据get
2023-06-05 18:59:11,921 - mylog - INFO - 数据已经写入文件中
2023-06-05 18:59:20,193 - mylog - DEBUG - 总数据get
2023-06-05 18:59:20,239 - mylog - INFO - 数据已经写入文件中
2023-06-05 18:59:20,834 - mylog - DEBUG - 总数据get
2023-06-05 18:59:20,856 - mylog - INFO - 数据已经写入文件中
2023-06-05 18:59:21,105 - mylog - DEBUG - 总数据get
2023-06-05 18:59:21,115 - mylog - INFO - 数据已经写入文件中
2023-06-05 18:59:21,306 - mylog - DEBUG - 总数据get
2023-06-05 18:59:21,312 - mylog - INFO - 数据已经写入文件中
2023-06-12 18:13:05,716 - mylog - INFO - 主线程启动开始
2023-06-12 18:13:13,829 - mylog - INFO - 总数据get
2023-06-12 18:13:13,986 - mylog - INFO - 数据已经写入文件中
2023-06-12 18:13:22,825 - mylog - INFO - 总数据get
2023-06-12 18:13:23,058 - mylog - INFO - 数据已经写入文件中
2023-06-12 18:13:31,893 - mylog - INFO - 总数据get
2023-06-12 18:13:32,133 - mylog - INFO - 数据已经写入文件中
2023-06-12 18:13:40,930 - mylog - INFO - 总数据get
2023-06-12 18:13:41,176 - mylog - INFO - 数据已经写入文件中
2023-06-12 18:13:49,965 - mylog - INFO - 总数据get
2023-06-12 18:13:50,207 - mylog - INFO - 数据已经写入文件中
2023-06-12 18:13:59,004 - mylog - INFO - 总数据get
2023-06-12 18:13:59,246 - mylog - INFO - 数据已经写入文件中
2023-06-12 18:14:08,063 - mylog - INFO - 总数据get
2023-06-12 18:14:08,294 - mylog - INFO - 数据已经写入文件中
2023-06-12 18:14:17,081 - mylog - INFO - 总数据get
2023-06-12 18:14:17,310 - mylog - INFO - 数据已经写入文件中
2023-06-12 18:14:26,116 - mylog - INFO - 总数据get
2023-06-12 18:14:26,356 - mylog - INFO - 数据已经写入文件中
2023-06-12 18:14:35,153 - mylog - INFO - 总数据get
2023-06-12 18:14:35,390 - mylog - INFO - 数据已经写入文件中
2023-06-12 18:14:44,191 - mylog - INFO - 总数据get
2023-06-12 18:14:44,425 - mylog - INFO - 数据已经写入文件中
2023-06-12 18:14:53,230 - mylog - INFO - 总数据get
2023-06-12 18:14:53,466 - mylog - INFO - 数据已经写入文件中
2023-06-12 18:15:02,268 - mylog - INFO - 总数据get
2023-06-12 18:15:02,502 - mylog - INFO - 数据已经写入文件中
2023-06-12 18:15:11,303 - mylog - INFO - 总数据get
2023-06-12 18:15:11,536 - mylog - INFO - 数据已经写入文件中
2023-06-12 18:15:20,373 - mylog - INFO - 总数据get
2023-06-12 18:15:20,607 - mylog - INFO - 数据已经写入文件中
2023-06-12 18:15:29,381 - mylog - INFO - 总数据get
2023-06-12 18:15:29,625 - mylog - INFO - 数据已经写入文件中
2023-06-12 18:15:38,418 - mylog - INFO - 总数据get
2023-06-12 18:15:38,690 - mylog - INFO - 数据已经写入文件中
2023-06-12 18:15:47,455 - mylog - INFO - 总数据get
2023-06-12 18:15:47,684 - mylog - INFO - 数据已经写入文件中
2023-06-12 18:15:56,462 - mylog - INFO - 总数据get
2023-06-12 18:15:56,695 - mylog - INFO - 数据已经写入文件中
2023-06-12 18:16:05,496 - mylog - INFO - 总数据get
2023-06-12 18:16:05,739 - mylog - INFO - 数据已经写入文件中
2023-06-12 18:19:29,902 - mylog - INFO - 主线程启动开始
2023-06-12 18:19:35,036 - mylog - INFO - 总数据get
2023-06-12 18:19:35,039 - mylog - INFO - 数据已经写入文件中
2023-06-12 18:19:41,017 - mylog - INFO - 总数据get
2023-06-12 18:19:41,184 - mylog - INFO - 数据已经写入文件中
2023-06-12 18:19:47,029 - mylog - INFO - 总数据get
2023-06-12 18:19:47,188 - mylog - INFO - 数据已经写入文件中
2023-06-12 18:19:53,047 - mylog - INFO - 总数据get
2023-06-12 18:19:53,204 - mylog - INFO - 数据已经写入文件中
2023-06-12 18:19:59,059 - mylog - INFO - 总数据get
2023-06-12 18:19:59,227 - mylog - INFO - 数据已经写入文件中
2023-06-12 18:20:05,109 - mylog - INFO - 总数据get
2023-06-12 18:20:05,273 - mylog - INFO - 数据已经写入文件中
2023-06-12 18:20:11,119 - mylog - INFO - 总数据get
2023-06-12 18:20:11,277 - mylog - INFO - 数据已经写入文件中
2023-06-12 18:20:17,163 - mylog - INFO - 总数据get
2023-06-12 18:20:17,332 - mylog - INFO - 数据已经写入文件中
2023-06-12 18:20:23,148 - mylog - INFO - 总数据get
2023-06-12 18:20:23,301 - mylog - INFO - 数据已经写入文件中
2023-06-12 18:20:29,195 - mylog - INFO - 总数据get
2023-06-12 18:20:29,359 - mylog - INFO - 数据已经写入文件中
2023-06-12 18:20:35,174 - mylog - INFO - 总数据get
2023-06-12 18:20:35,330 - mylog - INFO - 数据已经写入文件中
2023-06-12 18:20:41,190 - mylog - INFO - 总数据get
2023-06-12 18:20:41,347 - mylog - INFO - 数据已经写入文件中
2023-06-12 18:20:47,204 - mylog - INFO - 总数据get
2023-06-12 18:20:47,361 - mylog - INFO - 数据已经写入文件中
2023-06-12 18:20:53,219 - mylog - INFO - 总数据get
2023-06-12 18:20:53,376 - mylog - INFO - 数据已经写入文件中
2023-06-12 18:20:59,231 - mylog - INFO - 总数据get
2023-06-12 18:20:59,382 - mylog - INFO - 数据已经写入文件中
2023-06-12 18:21:05,244 - mylog - INFO - 总数据get
2023-06-12 18:21:05,413 - mylog - INFO - 数据已经写入文件中
2023-06-12 18:21:11,258 - mylog - INFO - 总数据get
2023-06-12 18:21:11,414 - mylog - INFO - 数据已经写入文件中
2023-06-12 18:21:17,274 - mylog - INFO - 总数据get
2023-06-12 18:21:17,429 - mylog - INFO - 数据已经写入文件中
2023-06-12 18:21:23,286 - mylog - INFO - 总数据get
2023-06-12 18:21:23,448 - mylog - INFO - 数据已经写入文件中
2023-06-12 18:21:29,331 - mylog - INFO - 总数据get
2023-06-12 18:21:29,490 - mylog - INFO - 数据已经写入文件中
2023-06-12 18:21:35,315 - mylog - INFO - 总数据get
2023-06-12 18:21:35,484 - mylog - INFO - 数据已经写入文件中
2023-06-12 18:21:41,328 - mylog - INFO - 总数据get
2023-06-12 18:21:41,486 - mylog - INFO - 数据已经写入文件中
2023-06-12 18:21:47,343 - mylog - INFO - 总数据get
2023-06-12 18:21:47,507 - mylog - INFO - 数据已经写入文件中
2023-06-12 18:21:53,355 - mylog - INFO - 总数据get
2023-06-12 18:21:53,507 - mylog - INFO - 数据已经写入文件中
2023-06-12 18:21:59,369 - mylog - INFO - 总数据get
2023-06-12 18:21:59,530 - mylog - INFO - 数据已经写入文件中
2023-06-12 18:22:05,418 - mylog - INFO - 总数据get
2023-06-12 18:22:05,574 - mylog - INFO - 数据已经写入文件中
2023-06-12 18:22:11,434 - mylog - INFO - 总数据get
2023-06-12 18:22:11,606 - mylog - INFO - 数据已经写入文件中
2023-06-12 18:22:17,446 - mylog - INFO - 总数据get
2023-06-12 18:22:17,602 - mylog - INFO - 数据已经写入文件中
2023-06-12 18:22:23,459 - mylog - INFO - 总数据get
2023-06-12 18:22:23,633 - mylog - INFO - 数据已经写入文件中
2023-06-12 18:22:29,474 - mylog - INFO - 总数据get
2023-06-12 18:22:29,630 - mylog - INFO - 数据已经写入文件中
2023-06-12 18:26:27,740 - mylog - INFO - 主线程启动开始
2023-06-12 18:26:33,516 - mylog - INFO - 总数据get
2023-06-12 18:26:33,550 - mylog - INFO - 数据已经写入文件中
2023-06-12 18:26:39,464 - mylog - INFO - 总数据get
2023-06-12 18:26:39,626 - mylog - INFO - 数据已经写入文件中
2023-06-12 18:26:45,493 - mylog - INFO - 总数据get
2023-06-12 18:26:45,646 - mylog - INFO - 数据已经写入文件中
2023-06-12 18:26:51,509 - mylog - INFO - 总数据get
2023-06-12 18:26:51,663 - mylog - INFO - 数据已经写入文件中
2023-06-12 18:26:57,554 - mylog - INFO - 总数据get
2023-06-12 18:26:57,710 - mylog - INFO - 数据已经写入文件中
2023-06-12 18:27:03,534 - mylog - INFO - 总数据get
2023-06-12 18:27:03,687 - mylog - INFO - 数据已经写入文件中
2023-06-12 18:27:09,550 - mylog - INFO - 总数据get
2023-06-12 18:27:09,722 - mylog - INFO - 数据已经写入文件中
2023-06-12 18:27:15,596 - mylog - INFO - 总数据get
2023-06-12 18:27:15,756 - mylog - INFO - 数据已经写入文件中
2023-06-12 18:27:21,617 - mylog - INFO - 总数据get
2023-06-12 18:27:21,778 - mylog - INFO - 数据已经写入文件中
2023-06-12 18:27:27,656 - mylog - INFO - 总数据get
2023-06-12 18:27:27,814 - mylog - INFO - 数据已经写入文件中
2023-06-12 18:27:33,672 - mylog - INFO - 总数据get
2023-06-12 18:27:33,831 - mylog - INFO - 数据已经写入文件中
2023-06-12 18:27:39,685 - mylog - INFO - 总数据get
2023-06-12 18:27:39,841 - mylog - INFO - 数据已经写入文件中
2023-06-12 18:27:45,698 - mylog - INFO - 总数据get
2023-06-12 18:27:45,852 - mylog - INFO - 数据已经写入文件中
2023-06-12 18:27:51,710 - mylog - INFO - 总数据get
2023-06-12 18:27:51,892 - mylog - INFO - 数据已经写入文件中
2023-06-12 18:27:57,727 - mylog - INFO - 总数据get
2023-06-12 18:27:57,879 - mylog - INFO - 数据已经写入文件中
2023-06-12 18:28:03,740 - mylog - INFO - 总数据get
2023-06-12 18:28:03,896 - mylog - INFO - 数据已经写入文件中
2023-06-12 18:28:09,786 - mylog - INFO - 总数据get
2023-06-12 18:28:09,940 - mylog - INFO - 数据已经写入文件中
2023-06-12 18:28:15,799 - mylog - INFO - 总数据get
2023-06-12 18:28:15,955 - mylog - INFO - 数据已经写入文件中
2023-06-12 18:28:21,817 - mylog - INFO - 总数据get
2023-06-12 18:28:21,973 - mylog - INFO - 数据已经写入文件中
2023-06-12 18:28:27,828 - mylog - INFO - 总数据get
2023-06-12 18:28:27,982 - mylog - INFO - 数据已经写入文件中
2023-06-12 18:28:33,841 - mylog - INFO - 总数据get
2023-06-12 18:28:33,994 - mylog - INFO - 数据已经写入文件中
2023-06-12 18:28:39,858 - mylog - INFO - 总数据get
2023-06-12 18:28:40,018 - mylog - INFO - 数据已经写入文件中
2023-06-12 18:28:45,849 - mylog - INFO - 总数据get
2023-06-12 18:28:46,013 - mylog - INFO - 数据已经写入文件中
2023-06-12 18:28:51,880 - mylog - INFO - 总数据get
2023-06-12 18:28:52,036 - mylog - INFO - 数据已经写入文件中
2023-06-12 18:28:57,871 - mylog - INFO - 总数据get
2023-06-12 18:28:58,025 - mylog - INFO - 数据已经写入文件中
2023-06-12 18:29:03,908 - mylog - INFO - 总数据get
2023-06-12 18:29:04,064 - mylog - INFO - 数据已经写入文件中
2023-06-12 18:29:09,958 - mylog - INFO - 总数据get
2023-06-12 18:29:10,121 - mylog - INFO - 数据已经写入文件中
2023-06-12 18:29:15,971 - mylog - INFO - 总数据get
2023-06-12 18:29:16,131 - mylog - INFO - 数据已经写入文件中
2023-06-12 18:29:21,985 - mylog - INFO - 总数据get
2023-06-12 18:29:22,145 - mylog - INFO - 数据已经写入文件中
2023-06-12 18:29:28,031 - mylog - INFO - 总数据get
2023-06-12 18:29:28,192 - mylog - INFO - 数据已经写入文件中
2023-06-12 19:08:12,125 - mylog - INFO - 主线程启动开始
2023-06-12 19:08:17,218 - mylog - INFO - 总数据get
2023-06-12 19:08:17,251 - mylog - INFO - 数据已经写入文件中
2023-06-12 19:08:23,177 - mylog - INFO - 总数据get
2023-06-12 19:08:23,346 - mylog - INFO - 数据已经写入文件中
2023-06-12 19:08:29,191 - mylog - INFO - 总数据get
2023-06-12 19:08:29,363 - mylog - INFO - 数据已经写入文件中
2023-06-12 19:08:35,204 - mylog - INFO - 总数据get
2023-06-12 19:08:35,362 - mylog - INFO - 数据已经写入文件中
2023-06-12 19:08:41,219 - mylog - INFO - 总数据get
2023-06-12 19:08:41,377 - mylog - INFO - 数据已经写入文件中
2023-06-12 19:08:47,234 - mylog - INFO - 总数据get
2023-06-12 19:08:47,396 - mylog - INFO - 数据已经写入文件中
2023-06-12 19:08:53,251 - mylog - INFO - 总数据get
2023-06-12 19:08:53,414 - mylog - INFO - 数据已经写入文件中
2023-06-12 19:08:59,260 - mylog - INFO - 总数据get
2023-06-12 19:08:59,422 - mylog - INFO - 数据已经写入文件中
2023-06-12 19:09:05,274 - mylog - INFO - 总数据get
2023-06-12 19:09:05,441 - mylog - INFO - 数据已经写入文件中
2023-06-12 19:09:11,291 - mylog - INFO - 总数据get
2023-06-12 19:09:11,460 - mylog - INFO - 数据已经写入文件中
2023-06-12 19:09:17,303 - mylog - INFO - 总数据get
2023-06-12 19:09:17,480 - mylog - INFO - 数据已经写入文件中
2023-06-12 19:09:23,317 - mylog - INFO - 总数据get
2023-06-12 19:09:23,483 - mylog - INFO - 数据已经写入文件中
2023-06-12 19:09:29,331 - mylog - INFO - 总数据get
2023-06-12 19:09:29,493 - mylog - INFO - 数据已经写入文件中
2023-06-12 19:09:35,345 - mylog - INFO - 总数据get
2023-06-12 19:09:35,510 - mylog - INFO - 数据已经写入文件中
2023-06-12 19:09:41,359 - mylog - INFO - 总数据get
2023-06-12 19:09:41,520 - mylog - INFO - 数据已经写入文件中
2023-06-12 19:09:47,372 - mylog - INFO - 总数据get
2023-06-12 19:09:47,534 - mylog - INFO - 数据已经写入文件中
2023-06-12 19:09:53,387 - mylog - INFO - 总数据get
2023-06-12 19:09:53,551 - mylog - INFO - 数据已经写入文件中
2023-06-12 19:09:59,401 - mylog - INFO - 总数据get
2023-06-12 19:09:59,559 - mylog - INFO - 数据已经写入文件中
2023-06-12 19:10:05,416 - mylog - INFO - 总数据get
2023-06-12 19:10:05,571 - mylog - INFO - 数据已经写入文件中
2023-06-12 19:10:11,432 - mylog - INFO - 总数据get
2023-06-12 19:10:11,595 - mylog - INFO - 数据已经写入文件中
2023-06-12 19:10:17,446 - mylog - INFO - 总数据get
2023-06-12 19:10:17,614 - mylog - INFO - 数据已经写入文件中
2023-06-12 19:10:23,458 - mylog - INFO - 总数据get
2023-06-12 19:10:23,635 - mylog - INFO - 数据已经写入文件中
2023-06-12 19:10:29,472 - mylog - INFO - 总数据get
2023-06-12 19:10:29,631 - mylog - INFO - 数据已经写入文件中
2023-06-12 19:10:35,486 - mylog - INFO - 总数据get
2023-06-12 19:10:35,649 - mylog - INFO - 数据已经写入文件中
2023-06-12 19:10:41,498 - mylog - INFO - 总数据get
2023-06-12 19:10:41,669 - mylog - INFO - 数据已经写入文件中
2023-06-12 19:10:47,515 - mylog - INFO - 总数据get
2023-06-12 19:10:47,677 - mylog - INFO - 数据已经写入文件中
2023-06-12 19:10:53,528 - mylog - INFO - 总数据get
2023-06-12 19:10:53,684 - mylog - INFO - 数据已经写入文件中
2023-06-12 19:10:59,541 - mylog - INFO - 总数据get
2023-06-12 19:10:59,703 - mylog - INFO - 数据已经写入文件中
2023-06-12 19:11:05,557 - mylog - INFO - 总数据get
2023-06-12 19:11:05,719 - mylog - INFO - 数据已经写入文件中
2023-06-12 19:11:11,573 - mylog - INFO - 总数据get
2023-06-12 19:11:11,735 - mylog - INFO - 数据已经写入文件中
2023-06-12 19:14:57,151 - mylog - INFO - 主线程启动开始
2023-06-12 19:15:02,282 - mylog - INFO - 总数据get
2023-06-12 19:15:02,289 - mylog - INFO - 数据已经写入文件中
2023-06-12 19:15:08,218 - mylog - INFO - 总数据get
2023-06-12 19:15:08,402 - mylog - INFO - 数据已经写入文件中
2023-06-12 19:15:14,232 - mylog - INFO - 总数据get
2023-06-12 19:15:14,412 - mylog - INFO - 数据已经写入文件中
2023-06-12 19:15:20,245 - mylog - INFO - 总数据get
2023-06-12 19:15:20,429 - mylog - INFO - 数据已经写入文件中
2023-06-12 19:15:26,259 - mylog - INFO - 总数据get
2023-06-12 19:15:26,468 - mylog - INFO - 数据已经写入文件中
2023-06-12 19:15:32,275 - mylog - INFO - 总数据get
2023-06-12 19:15:32,465 - mylog - INFO - 数据已经写入文件中
2023-06-12 19:15:38,289 - mylog - INFO - 总数据get
2023-06-12 19:15:38,471 - mylog - INFO - 数据已经写入文件中
2023-06-12 19:15:44,300 - mylog - INFO - 总数据get
2023-06-12 19:15:44,505 - mylog - INFO - 数据已经写入文件中
2023-06-12 19:15:50,317 - mylog - INFO - 总数据get
2023-06-12 19:15:50,503 - mylog - INFO - 数据已经写入文件中
2023-06-12 19:15:56,368 - mylog - INFO - 总数据get
2023-06-12 19:15:56,544 - mylog - INFO - 数据已经写入文件中
2023-06-12 19:16:02,383 - mylog - INFO - 总数据get
2023-06-12 19:16:02,590 - mylog - INFO - 数据已经写入文件中
2023-06-12 19:16:08,391 - mylog - INFO - 总数据get
2023-06-12 19:16:08,570 - mylog - INFO - 数据已经写入文件中
2023-06-12 19:16:14,409 - mylog - INFO - 总数据get
2023-06-12 19:16:14,631 - mylog - INFO - 数据已经写入文件中
2023-06-12 19:16:20,420 - mylog - INFO - 总数据get
2023-06-12 19:16:20,607 - mylog - INFO - 数据已经写入文件中
2023-06-12 19:16:26,436 - mylog - INFO - 总数据get
2023-06-12 19:16:26,668 - mylog - INFO - 数据已经写入文件中
2023-06-12 19:16:32,447 - mylog - INFO - 总数据get
2023-06-12 19:16:32,628 - mylog - INFO - 数据已经写入文件中
2023-06-12 19:16:38,462 - mylog - INFO - 总数据get
2023-06-12 19:16:38,653 - mylog - INFO - 数据已经写入文件中
2023-06-12 19:16:44,476 - mylog - INFO - 总数据get
2023-06-12 19:16:44,680 - mylog - INFO - 数据已经写入文件中
2023-06-12 19:16:50,491 - mylog - INFO - 总数据get
2023-06-12 19:16:50,719 - mylog - INFO - 数据已经写入文件中
2023-06-12 19:16:56,508 - mylog - INFO - 总数据get
2023-06-12 19:16:56,728 - mylog - INFO - 数据已经写入文件中
2023-06-12 19:17:02,530 - mylog - INFO - 总数据get
2023-06-12 19:17:02,750 - mylog - INFO - 数据已经写入文件中
2023-06-12 19:17:08,536 - mylog - INFO - 总数据get
2023-06-12 19:17:08,727 - mylog - INFO - 数据已经写入文件中
2023-06-12 19:17:14,547 - mylog - INFO - 总数据get
2023-06-12 19:17:14,761 - mylog - INFO - 数据已经写入文件中
2023-06-12 19:17:20,563 - mylog - INFO - 总数据get
2023-06-12 19:17:20,774 - mylog - INFO - 数据已经写入文件中
2023-06-12 19:17:26,582 - mylog - INFO - 总数据get
2023-06-12 19:17:26,798 - mylog - INFO - 数据已经写入文件中
2023-06-12 19:17:32,626 - mylog - INFO - 总数据get
2023-06-12 19:17:32,808 - mylog - INFO - 数据已经写入文件中
2023-06-12 19:17:38,654 - mylog - INFO - 总数据get
2023-06-12 19:17:38,902 - mylog - INFO - 数据已经写入文件中
2023-06-12 19:17:44,684 - mylog - INFO - 总数据get
2023-06-12 19:17:44,910 - mylog - INFO - 数据已经写入文件中
2023-06-12 19:17:50,704 - mylog - INFO - 总数据get
2023-06-12 19:17:50,935 - mylog - INFO - 数据已经写入文件中
2023-06-12 19:17:56,711 - mylog - INFO - 总数据get
2023-06-12 19:17:56,910 - mylog - INFO - 数据已经写入文件中
2023-06-12 19:29:11,142 - mylog - INFO - 主线程启动开始
2023-06-12 19:29:16,259 - mylog - INFO - 总数据get
2023-06-12 19:29:16,285 - mylog - INFO - 数据已经写入文件中
2023-06-12 19:29:22,239 - mylog - INFO - 总数据get
2023-06-12 19:29:22,423 - mylog - INFO - 数据已经写入文件中
2023-06-12 19:29:28,255 - mylog - INFO - 总数据get
2023-06-12 19:29:28,462 - mylog - INFO - 数据已经写入文件中
2023-06-12 19:29:34,263 - mylog - INFO - 总数据get
2023-06-12 19:29:34,455 - mylog - INFO - 数据已经写入文件中
2023-06-12 19:29:40,281 - mylog - INFO - 总数据get
2023-06-12 19:29:40,476 - mylog - INFO - 数据已经写入文件中
2023-06-12 19:29:46,292 - mylog - INFO - 总数据get
2023-06-12 19:29:46,463 - mylog - INFO - 数据已经写入文件中
2023-06-12 19:29:52,312 - mylog - INFO - 总数据get
2023-06-12 19:29:52,495 - mylog - INFO - 数据已经写入文件中
2023-06-12 19:29:58,322 - mylog - INFO - 总数据get
2023-06-12 19:29:58,494 - mylog - INFO - 数据已经写入文件中
2023-06-12 19:30:04,313 - mylog - INFO - 总数据get
2023-06-12 19:30:04,490 - mylog - INFO - 数据已经写入文件中
2023-06-12 19:30:10,352 - mylog - INFO - 总数据get
2023-06-12 19:30:10,539 - mylog - INFO - 数据已经写入文件中
2023-06-12 19:30:16,356 - mylog - INFO - 总数据get
2023-06-12 19:30:16,530 - mylog - INFO - 数据已经写入文件中
2023-06-12 19:30:22,412 - mylog - INFO - 总数据get
2023-06-12 19:30:22,630 - mylog - INFO - 数据已经写入文件中
2023-06-12 19:30:28,414 - mylog - INFO - 总数据get
2023-06-12 19:30:28,588 - mylog - INFO - 数据已经写入文件中
2023-06-12 19:30:34,447 - mylog - INFO - 总数据get
2023-06-12 19:30:34,642 - mylog - INFO - 数据已经写入文件中
2023-06-12 19:30:40,433 - mylog - INFO - 总数据get
2023-06-12 19:30:40,612 - mylog - INFO - 数据已经写入文件中
2023-06-12 19:30:46,465 - mylog - INFO - 总数据get
2023-06-12 19:30:46,657 - mylog - INFO - 数据已经写入文件中
2023-06-12 19:30:52,502 - mylog - INFO - 总数据get
2023-06-12 19:30:52,710 - mylog - INFO - 数据已经写入文件中
2023-06-12 19:30:58,528 - mylog - INFO - 总数据get
2023-06-12 19:30:58,722 - mylog - INFO - 数据已经写入文件中
2023-06-12 19:31:04,528 - mylog - INFO - 总数据get
2023-06-12 19:31:04,725 - mylog - INFO - 数据已经写入文件中
2023-06-12 19:31:10,558 - mylog - INFO - 总数据get
2023-06-12 19:31:10,764 - mylog - INFO - 数据已经写入文件中
2023-06-12 19:31:16,569 - mylog - INFO - 总数据get
2023-06-12 19:31:16,766 - mylog - INFO - 数据已经写入文件中
2023-06-12 19:31:22,583 - mylog - INFO - 总数据get
2023-06-12 19:31:22,776 - mylog - INFO - 数据已经写入文件中
2023-06-12 19:31:28,597 - mylog - INFO - 总数据get
2023-06-12 19:31:28,767 - mylog - INFO - 数据已经写入文件中
2023-06-12 19:31:34,609 - mylog - INFO - 总数据get
2023-06-12 19:31:34,777 - mylog - INFO - 数据已经写入文件中
2023-06-12 19:31:40,625 - mylog - INFO - 总数据get
2023-06-12 19:31:40,819 - mylog - INFO - 数据已经写入文件中
2023-06-12 19:31:46,640 - mylog - INFO - 总数据get
2023-06-12 19:31:46,823 - mylog - INFO - 数据已经写入文件中
2023-06-12 19:31:52,652 - mylog - INFO - 总数据get
2023-06-12 19:31:52,863 - mylog - INFO - 数据已经写入文件中
2023-06-12 19:31:58,666 - mylog - INFO - 总数据get
2023-06-12 19:31:58,856 - mylog - INFO - 数据已经写入文件中
2023-06-12 19:32:04,681 - mylog - INFO - 总数据get
2023-06-12 19:32:04,879 - mylog - INFO - 数据已经写入文件中
2023-06-12 19:32:10,701 - mylog - INFO - 总数据get
2023-06-12 19:32:10,914 - mylog - INFO - 数据已经写入文件中
2023-06-12 19:33:39,855 - mylog - INFO - 主线程启动开始
2023-06-12 19:33:44,979 - mylog - INFO - 总数据get
2023-06-12 19:33:45,010 - mylog - INFO - 数据已经写入文件中
2023-06-12 19:33:50,947 - mylog - INFO - 总数据get
2023-06-12 19:33:51,170 - mylog - INFO - 数据已经写入文件中
2023-06-12 19:33:56,963 - mylog - INFO - 总数据get
2023-06-12 19:33:57,182 - mylog - INFO - 数据已经写入文件中
2023-06-12 19:34:03,007 - mylog - INFO - 总数据get
2023-06-12 19:34:03,220 - mylog - INFO - 数据已经写入文件中
2023-06-12 19:34:08,995 - mylog - INFO - 总数据get
2023-06-12 19:34:09,213 - mylog - INFO - 数据已经写入文件中
2023-06-12 19:34:15,003 - mylog - INFO - 总数据get
2023-06-12 19:34:15,208 - mylog - INFO - 数据已经写入文件中
2023-06-12 19:34:21,021 - mylog - INFO - 总数据get
2023-06-12 19:34:21,235 - mylog - INFO - 数据已经写入文件中
2023-06-12 19:34:27,032 - mylog - INFO - 总数据get
2023-06-12 19:34:27,227 - mylog - INFO - 数据已经写入文件中
2023-06-12 19:34:33,078 - mylog - INFO - 总数据get
2023-06-12 19:34:33,289 - mylog - INFO - 数据已经写入文件中
2023-06-12 19:34:39,096 - mylog - INFO - 总数据get
2023-06-12 19:34:39,303 - mylog - INFO - 数据已经写入文件中
2023-06-12 19:34:45,105 - mylog - INFO - 总数据get
2023-06-12 19:34:45,295 - mylog - INFO - 数据已经写入文件中
2023-06-12 19:34:51,136 - mylog - INFO - 总数据get
2023-06-12 19:34:51,335 - mylog - INFO - 数据已经写入文件中
2023-06-12 19:34:57,167 - mylog - INFO - 总数据get
2023-06-12 19:34:57,384 - mylog - INFO - 数据已经写入文件中
2023-06-12 19:35:03,190 - mylog - INFO - 总数据get
2023-06-12 19:35:03,432 - mylog - INFO - 数据已经写入文件中
2023-06-12 19:35:09,233 - mylog - INFO - 总数据get
2023-06-12 19:35:09,455 - mylog - INFO - 数据已经写入文件中
2023-06-12 19:35:15,216 - mylog - INFO - 总数据get
2023-06-12 19:35:15,454 - mylog - INFO - 数据已经写入文件中
2023-06-12 19:35:21,224 - mylog - INFO - 总数据get
2023-06-12 19:35:21,429 - mylog - INFO - 数据已经写入文件中
2023-06-12 19:35:27,278 - mylog - INFO - 总数据get
2023-06-12 19:35:27,513 - mylog - INFO - 数据已经写入文件中
2023-06-12 19:35:33,287 - mylog - INFO - 总数据get
2023-06-12 19:35:33,496 - mylog - INFO - 数据已经写入文件中
2023-06-12 19:35:39,333 - mylog - INFO - 总数据get
2023-06-12 19:35:39,545 - mylog - INFO - 数据已经写入文件中
2023-06-12 19:35:45,383 - mylog - INFO - 总数据get
2023-06-12 19:35:45,589 - mylog - INFO - 数据已经写入文件中
2023-06-12 19:35:51,427 - mylog - INFO - 总数据get
2023-06-12 19:35:51,618 - mylog - INFO - 数据已经写入文件中
2023-06-12 19:35:57,451 - mylog - INFO - 总数据get
2023-06-12 19:35:57,656 - mylog - INFO - 数据已经写入文件中
2023-06-12 19:36:03,458 - mylog - INFO - 总数据get
2023-06-12 19:36:03,647 - mylog - INFO - 数据已经写入文件中
2023-06-12 19:36:09,474 - mylog - INFO - 总数据get
2023-06-12 19:36:09,671 - mylog - INFO - 数据已经写入文件中
2023-06-12 19:36:15,485 - mylog - INFO - 总数据get
2023-06-12 19:36:15,663 - mylog - INFO - 数据已经写入文件中
2023-06-12 19:36:21,503 - mylog - INFO - 总数据get
2023-06-12 19:36:21,691 - mylog - INFO - 数据已经写入文件中
2023-06-12 19:36:27,515 - mylog - INFO - 总数据get
2023-06-12 19:36:27,698 - mylog - INFO - 数据已经写入文件中
2023-06-12 19:36:33,528 - mylog - INFO - 总数据get
2023-06-12 19:36:33,713 - mylog - INFO - 数据已经写入文件中
2023-06-12 19:36:39,546 - mylog - INFO - 总数据get
2023-06-12 19:36:39,730 - mylog - INFO - 数据已经写入文件中
2023-06-12 19:38:00,174 - mylog - INFO - 主线程启动开始
2023-06-12 19:38:05,891 - mylog - INFO - 总数据get
2023-06-12 19:38:05,972 - mylog - INFO - 数据已经写入文件中
2023-06-12 19:38:11,831 - mylog - INFO - 总数据get
2023-06-12 19:38:11,996 - mylog - INFO - 数据已经写入文件中
2023-06-12 19:38:17,843 - mylog - INFO - 总数据get
2023-06-12 19:38:18,037 - mylog - INFO - 数据已经写入文件中
2023-06-12 19:38:23,862 - mylog - INFO - 总数据get
2023-06-12 19:38:24,053 - mylog - INFO - 数据已经写入文件中
2023-06-12 19:38:29,874 - mylog - INFO - 总数据get
2023-06-12 19:38:30,072 - mylog - INFO - 数据已经写入文件中
2023-06-12 19:38:33,351 - mylog - INFO - 总数据get
2023-06-12 19:38:33,454 - mylog - INFO - 数据已经写入文件中
2023-06-12 19:39:21,046 - mylog - INFO - 主线程启动开始
2023-06-12 19:39:26,163 - mylog - INFO - 总数据get
2023-06-12 19:39:26,164 - mylog - INFO - 数据已经写入文件中
2023-06-12 19:39:32,123 - mylog - INFO - 总数据get
2023-06-12 19:39:32,123 - mylog - INFO - 数据已经写入文件中
2023-06-12 19:39:38,156 - mylog - INFO - 总数据get
2023-06-12 19:39:38,261 - mylog - INFO - 数据已经写入文件中
2023-06-12 19:40:02,823 - mylog - INFO - 主线程启动开始
2023-06-12 19:40:07,862 - mylog - INFO - 总数据get
2023-06-12 19:40:07,863 - mylog - INFO - 数据已经写入文件中
2023-06-12 19:40:13,892 - mylog - INFO - 总数据get
2023-06-12 19:40:14,020 - mylog - INFO - 数据已经写入文件中
2023-06-12 19:40:19,899 - mylog - INFO - 总数据get
2023-06-12 19:40:20,077 - mylog - INFO - 数据已经写入文件中
2023-06-12 19:40:25,918 - mylog - INFO - 总数据get
2023-06-12 19:40:26,122 - mylog - INFO - 数据已经写入文件中
2023-06-12 19:40:31,929 - mylog - INFO - 总数据get
2023-06-12 19:40:32,102 - mylog - INFO - 数据已经写入文件中
2023-06-12 19:40:37,946 - mylog - INFO - 总数据get
2023-06-12 19:40:38,176 - mylog - INFO - 数据已经写入文件中
2023-06-12 19:45:20,703 - mylog - INFO - 主线程启动开始
2023-06-12 19:45:25,813 - mylog - INFO - 总数据get
2023-06-12 19:45:25,838 - mylog - INFO - 数据已经写入文件中
2023-06-12 19:45:31,770 - mylog - INFO - 总数据get
2023-06-12 19:45:31,934 - mylog - INFO - 数据已经写入文件中
2023-06-12 19:45:37,784 - mylog - INFO - 总数据get
2023-06-12 19:45:37,943 - mylog - INFO - 数据已经写入文件中
2023-06-12 19:45:43,798 - mylog - INFO - 总数据get
2023-06-12 19:45:43,964 - mylog - INFO - 数据已经写入文件中
2023-06-12 19:45:49,813 - mylog - INFO - 总数据get
2023-06-12 19:45:49,980 - mylog - INFO - 数据已经写入文件中
2023-06-12 19:45:55,830 - mylog - INFO - 总数据get
2023-06-12 19:45:55,992 - mylog - INFO - 数据已经写入文件中
2023-06-12 19:46:01,872 - mylog - INFO - 总数据get
2023-06-12 19:46:02,034 - mylog - INFO - 数据已经写入文件中
2023-06-12 19:46:07,857 - mylog - INFO - 总数据get
2023-06-12 19:46:08,020 - mylog - INFO - 数据已经写入文件中
2023-06-12 19:46:13,868 - mylog - INFO - 总数据get
2023-06-12 19:46:14,034 - mylog - INFO - 数据已经写入文件中
2023-06-12 19:46:19,883 - mylog - INFO - 总数据get
2023-06-12 19:46:20,051 - mylog - INFO - 数据已经写入文件中
2023-06-12 19:46:25,897 - mylog - INFO - 总数据get
2023-06-12 19:46:26,063 - mylog - INFO - 数据已经写入文件中
2023-06-12 19:46:35,480 - mylog - INFO - 主线程启动开始
2023-06-12 19:46:41,230 - mylog - INFO - 总数据get
2023-06-12 19:46:41,230 - mylog - INFO - 数据已经写入文件中
2023-06-12 19:46:47,171 - mylog - INFO - 总数据get
2023-06-12 19:46:47,316 - mylog - INFO - 数据已经写入文件中
2023-06-12 19:46:53,186 - mylog - INFO - 总数据get
2023-06-12 19:46:53,359 - mylog - INFO - 数据已经写入文件中
2023-06-12 19:46:59,199 - mylog - INFO - 总数据get
2023-06-12 19:46:59,360 - mylog - INFO - 数据已经写入文件中
2023-06-12 19:47:05,242 - mylog - INFO - 总数据get
2023-06-12 19:47:05,403 - mylog - INFO - 数据已经写入文件中
2023-06-12 19:47:11,226 - mylog - INFO - 总数据get
2023-06-12 19:47:11,391 - mylog - INFO - 数据已经写入文件中
2023-06-12 19:47:17,243 - mylog - INFO - 总数据get
2023-06-12 19:47:17,414 - mylog - INFO - 数据已经写入文件中
2023-06-12 19:47:23,255 - mylog - INFO - 总数据get
2023-06-12 19:47:23,412 - mylog - INFO - 数据已经写入文件中
2023-06-12 19:47:29,270 - mylog - INFO - 总数据get
2023-06-12 19:47:29,427 - mylog - INFO - 数据已经写入文件中
2023-06-12 19:47:35,313 - mylog - INFO - 总数据get
2023-06-12 19:47:35,472 - mylog - INFO - 数据已经写入文件中
2023-06-12 19:47:41,298 - mylog - INFO - 总数据get
2023-06-12 19:47:41,468 - mylog - INFO - 数据已经写入文件中
2023-06-12 19:47:47,323 - mylog - INFO - 总数据get
2023-06-12 19:47:47,487 - mylog - INFO - 数据已经写入文件中
2023-06-12 19:47:53,358 - mylog - INFO - 总数据get
2023-06-12 19:47:53,519 - mylog - INFO - 数据已经写入文件中
2023-06-12 19:47:59,374 - mylog - INFO - 总数据get
2023-06-12 19:47:59,559 - mylog - INFO - 数据已经写入文件中
2023-06-12 19:48:05,389 - mylog - INFO - 总数据get
2023-06-12 19:48:05,548 - mylog - INFO - 数据已经写入文件中
2023-06-12 19:48:11,404 - mylog - INFO - 总数据get
2023-06-12 19:48:11,562 - mylog - INFO - 数据已经写入文件中
2023-06-12 19:48:17,415 - mylog - INFO - 总数据get
2023-06-12 19:48:17,576 - mylog - INFO - 数据已经写入文件中
2023-06-12 19:48:23,429 - mylog - INFO - 总数据get
2023-06-12 19:48:23,585 - mylog - INFO - 数据已经写入文件中
2023-06-12 19:48:29,441 - mylog - INFO - 总数据get
2023-06-12 19:48:29,601 - mylog - INFO - 数据已经写入文件中
2023-06-12 19:48:35,459 - mylog - INFO - 总数据get
2023-06-12 19:48:35,623 - mylog - INFO - 数据已经写入文件中
2023-06-12 19:48:41,472 - mylog - INFO - 总数据get
2023-06-12 19:48:41,638 - mylog - INFO - 数据已经写入文件中
2023-06-12 19:48:47,484 - mylog - INFO - 总数据get
2023-06-12 19:48:47,644 - mylog - INFO - 数据已经写入文件中
2023-06-12 19:48:53,500 - mylog - INFO - 总数据get
2023-06-12 19:48:53,661 - mylog - INFO - 数据已经写入文件中
2023-06-12 19:48:59,514 - mylog - INFO - 总数据get
2023-06-12 19:48:59,696 - mylog - INFO - 数据已经写入文件中
2023-06-12 19:49:05,528 - mylog - INFO - 总数据get
2023-06-12 19:49:05,691 - mylog - INFO - 数据已经写入文件中
2023-06-12 19:49:11,540 - mylog - INFO - 总数据get
2023-06-12 19:49:11,702 - mylog - INFO - 数据已经写入文件中
2023-06-12 19:49:17,554 - mylog - INFO - 总数据get
2023-06-12 19:49:17,718 - mylog - INFO - 数据已经写入文件中
2023-06-12 19:49:23,567 - mylog - INFO - 总数据get
2023-06-12 19:49:23,725 - mylog - INFO - 数据已经写入文件中
2023-06-12 19:49:29,582 - mylog - INFO - 总数据get
2023-06-12 19:49:29,746 - mylog - INFO - 数据已经写入文件中
2023-06-12 19:49:35,632 - mylog - INFO - 总数据get
2023-06-12 19:49:35,790 - mylog - INFO - 数据已经写入文件中
2023-06-12 19:51:26,320 - mylog - INFO - 主线程启动开始
2023-06-12 19:51:32,197 - mylog - INFO - 总数据get
2023-06-12 19:51:32,245 - mylog - INFO - 数据已经写入文件中
2023-06-12 19:51:38,153 - mylog - INFO - 总数据get
2023-06-12 19:51:38,323 - mylog - INFO - 数据已经写入文件中
2023-06-12 19:51:44,170 - mylog - INFO - 总数据get
2023-06-12 19:51:44,327 - mylog - INFO - 数据已经写入文件中
2023-06-12 19:51:50,186 - mylog - INFO - 总数据get
2023-06-12 19:51:50,356 - mylog - INFO - 数据已经写入文件中
2023-06-12 19:51:56,199 - mylog - INFO - 总数据get
2023-06-12 19:51:56,357 - mylog - INFO - 数据已经写入文件中
2023-06-12 19:52:02,210 - mylog - INFO - 总数据get
2023-06-12 19:52:02,373 - mylog - INFO - 数据已经写入文件中
2023-06-12 19:52:08,224 - mylog - INFO - 总数据get
2023-06-12 19:52:08,394 - mylog - INFO - 数据已经写入文件中
2023-06-12 19:52:14,241 - mylog - INFO - 总数据get
2023-06-12 19:52:14,406 - mylog - INFO - 数据已经写入文件中
2023-06-12 19:52:20,287 - mylog - INFO - 总数据get
2023-06-12 19:52:20,446 - mylog - INFO - 数据已经写入文件中
2023-06-12 19:52:26,300 - mylog - INFO - 总数据get
2023-06-12 19:52:26,469 - mylog - INFO - 数据已经写入文件中
2023-06-12 19:52:32,315 - mylog - INFO - 总数据get
2023-06-12 19:52:32,478 - mylog - INFO - 数据已经写入文件中
2023-06-12 19:52:38,327 - mylog - INFO - 总数据get
2023-06-12 19:52:38,492 - mylog - INFO - 数据已经写入文件中
2023-06-12 19:52:44,341 - mylog - INFO - 总数据get
2023-06-12 19:52:44,495 - mylog - INFO - 数据已经写入文件中
2023-06-12 19:52:50,357 - mylog - INFO - 总数据get
2023-06-12 19:52:50,521 - mylog - INFO - 数据已经写入文件中
2023-06-12 19:52:56,371 - mylog - INFO - 总数据get
2023-06-12 19:52:56,530 - mylog - INFO - 数据已经写入文件中
2023-06-12 19:53:02,383 - mylog - INFO - 总数据get
2023-06-12 19:53:02,546 - mylog - INFO - 数据已经写入文件中
2023-06-12 19:53:08,398 - mylog - INFO - 总数据get
2023-06-12 19:53:08,556 - mylog - INFO - 数据已经写入文件中
2023-06-12 19:53:14,412 - mylog - INFO - 总数据get
2023-06-12 19:53:14,572 - mylog - INFO - 数据已经写入文件中
2023-06-12 19:53:20,427 - mylog - INFO - 总数据get
2023-06-12 19:53:20,586 - mylog - INFO - 数据已经写入文件中
2023-06-12 19:53:26,442 - mylog - INFO - 总数据get
2023-06-12 19:53:26,599 - mylog - INFO - 数据已经写入文件中
2023-06-12 19:53:32,455 - mylog - INFO - 总数据get
2023-06-12 19:53:32,618 - mylog - INFO - 数据已经写入文件中
2023-06-12 19:53:38,469 - mylog - INFO - 总数据get
2023-06-12 19:53:38,631 - mylog - INFO - 数据已经写入文件中
2023-06-12 19:53:44,482 - mylog - INFO - 总数据get
2023-06-12 19:53:44,641 - mylog - INFO - 数据已经写入文件中
2023-06-12 19:53:50,495 - mylog - INFO - 总数据get
2023-06-12 19:53:50,657 - mylog - INFO - 数据已经写入文件中
2023-06-12 19:53:56,511 - mylog - INFO - 总数据get
2023-06-12 19:53:56,672 - mylog - INFO - 数据已经写入文件中
2023-06-12 19:54:02,523 - mylog - INFO - 总数据get
2023-06-12 19:54:02,681 - mylog - INFO - 数据已经写入文件中
2023-06-12 19:54:08,538 - mylog - INFO - 总数据get
2023-06-12 19:54:08,696 - mylog - INFO - 数据已经写入文件中
2023-06-12 19:54:14,553 - mylog - INFO - 总数据get
2023-06-12 19:54:14,720 - mylog - INFO - 数据已经写入文件中
2023-06-12 19:54:20,567 - mylog - INFO - 总数据get
2023-06-12 19:54:20,736 - mylog - INFO - 数据已经写入文件中
2023-06-12 19:54:26,579 - mylog - INFO - 总数据get
2023-06-12 19:54:26,735 - mylog - INFO - 数据已经写入文件中
2023-06-12 19:54:55,860 - mylog - INFO - 主线程启动开始
2023-06-12 19:55:00,958 - mylog - INFO - 总数据get
2023-06-12 19:55:01,032 - mylog - INFO - 数据已经写入文件中
2023-06-12 19:55:06,944 - mylog - INFO - 总数据get
2023-06-12 19:55:07,104 - mylog - INFO - 数据已经写入文件中
2023-06-12 19:55:12,970 - mylog - INFO - 总数据get
2023-06-12 19:55:13,123 - mylog - INFO - 数据已经写入文件中
2023-06-12 19:55:18,971 - mylog - INFO - 总数据get
2023-06-12 19:55:19,124 - mylog - INFO - 数据已经写入文件中
2023-06-12 19:55:24,989 - mylog - INFO - 总数据get
2023-06-12 19:55:25,148 - mylog - INFO - 数据已经写入文件中
2023-06-12 19:55:30,999 - mylog - INFO - 总数据get
2023-06-12 19:55:31,161 - mylog - INFO - 数据已经写入文件中
2023-06-12 19:55:37,021 - mylog - INFO - 总数据get
2023-06-12 19:55:37,175 - mylog - INFO - 数据已经写入文件中
2023-06-12 19:55:43,061 - mylog - INFO - 总数据get
2023-06-12 19:55:43,222 - mylog - INFO - 数据已经写入文件中
2023-06-12 19:55:49,076 - mylog - INFO - 总数据get
2023-06-12 19:55:49,235 - mylog - INFO - 数据已经写入文件中
2023-06-12 19:55:55,089 - mylog - INFO - 总数据get
2023-06-12 19:55:55,250 - mylog - INFO - 数据已经写入文件中
2023-06-12 19:56:01,103 - mylog - INFO - 总数据get
2023-06-12 19:56:01,258 - mylog - INFO - 数据已经写入文件中
2023-06-12 19:56:07,117 - mylog - INFO - 总数据get
2023-06-12 19:56:07,286 - mylog - INFO - 数据已经写入文件中
2023-06-12 19:56:13,132 - mylog - INFO - 总数据get
2023-06-12 19:56:13,292 - mylog - INFO - 数据已经写入文件中
2023-06-12 19:56:19,147 - mylog - INFO - 总数据get
2023-06-12 19:56:19,304 - mylog - INFO - 数据已经写入文件中
2023-06-12 19:56:25,159 - mylog - INFO - 总数据get
2023-06-12 19:56:25,318 - mylog - INFO - 数据已经写入文件中
2023-06-12 19:56:31,176 - mylog - INFO - 总数据get
2023-06-12 19:56:31,333 - mylog - INFO - 数据已经写入文件中
2023-06-12 19:56:37,190 - mylog - INFO - 总数据get
2023-06-12 19:56:37,347 - mylog - INFO - 数据已经写入文件中
2023-06-12 19:56:43,202 - mylog - INFO - 总数据get
2023-06-12 19:56:43,369 - mylog - INFO - 数据已经写入文件中
2023-06-12 19:56:49,218 - mylog - INFO - 总数据get
2023-06-12 19:56:49,377 - mylog - INFO - 数据已经写入文件中
2023-06-12 19:56:55,232 - mylog - INFO - 总数据get
2023-06-12 19:56:55,389 - mylog - INFO - 数据已经写入文件中
2023-06-12 19:57:01,244 - mylog - INFO - 总数据get
2023-06-12 19:57:01,395 - mylog - INFO - 数据已经写入文件中
2023-06-12 19:57:07,240 - mylog - INFO - 总数据get
2023-06-12 19:57:07,409 - mylog - INFO - 数据已经写入文件中
2023-06-12 19:57:13,273 - mylog - INFO - 总数据get
2023-06-12 19:57:13,451 - mylog - INFO - 数据已经写入文件中
2023-06-12 19:57:19,263 - mylog - INFO - 总数据get
2023-06-12 19:57:19,423 - mylog - INFO - 数据已经写入文件中
2023-06-12 19:57:25,300 - mylog - INFO - 总数据get
2023-06-12 19:57:25,456 - mylog - INFO - 数据已经写入文件中
2023-06-12 19:57:31,294 - mylog - INFO - 总数据get
2023-06-12 19:57:31,451 - mylog - INFO - 数据已经写入文件中
2023-06-12 19:57:37,328 - mylog - INFO - 总数据get
2023-06-12 19:57:37,489 - mylog - INFO - 数据已经写入文件中
2023-06-12 19:57:43,343 - mylog - INFO - 总数据get
2023-06-12 19:57:43,507 - mylog - INFO - 数据已经写入文件中
2023-06-12 19:57:49,355 - mylog - INFO - 总数据get
2023-06-12 19:57:49,509 - mylog - INFO - 数据已经写入文件中
2023-06-12 19:57:55,370 - mylog - INFO - 总数据get
2023-06-12 19:57:55,525 - mylog - INFO - 数据已经写入文件中
2023-06-12 19:58:44,397 - mylog - INFO - 主线程启动开始
2023-06-12 19:58:49,497 - mylog - INFO - 总数据get
2023-06-12 19:58:49,513 - mylog - INFO - 数据已经写入文件中
2023-06-12 19:58:55,452 - mylog - INFO - 总数据get
2023-06-12 19:58:55,614 - mylog - INFO - 数据已经写入文件中
2023-06-12 19:59:01,463 - mylog - INFO - 总数据get
2023-06-12 19:59:01,622 - mylog - INFO - 数据已经写入文件中
2023-06-12 19:59:07,512 - mylog - INFO - 总数据get
2023-06-12 19:59:07,674 - mylog - INFO - 数据已经写入文件中
2023-06-12 19:59:13,527 - mylog - INFO - 总数据get
2023-06-12 19:59:13,686 - mylog - INFO - 数据已经写入文件中
2023-06-12 19:59:19,541 - mylog - INFO - 总数据get
2023-06-12 19:59:19,719 - mylog - INFO - 数据已经写入文件中
2023-06-12 19:59:25,553 - mylog - INFO - 总数据get
2023-06-12 19:59:25,710 - mylog - INFO - 数据已经写入文件中
2023-06-12 19:59:31,568 - mylog - INFO - 总数据get
2023-06-12 19:59:31,726 - mylog - INFO - 数据已经写入文件中
2023-06-12 19:59:37,583 - mylog - INFO - 总数据get
2023-06-12 19:59:37,736 - mylog - INFO - 数据已经写入文件中
2023-06-12 19:59:43,598 - mylog - INFO - 总数据get
2023-06-12 19:59:43,775 - mylog - INFO - 数据已经写入文件中
2023-06-12 19:59:49,610 - mylog - INFO - 总数据get
2023-06-12 19:59:49,773 - mylog - INFO - 数据已经写入文件中
2023-06-12 19:59:55,624 - mylog - INFO - 总数据get
2023-06-12 19:59:55,788 - mylog - INFO - 数据已经写入文件中
2023-06-12 20:00:01,636 - mylog - INFO - 总数据get
2023-06-12 20:00:01,805 - mylog - INFO - 数据已经写入文件中
2023-06-12 20:00:07,652 - mylog - INFO - 总数据get
2023-06-12 20:00:07,815 - mylog - INFO - 数据已经写入文件中
2023-06-12 20:00:13,694 - mylog - INFO - 总数据get
2023-06-12 20:00:13,862 - mylog - INFO - 数据已经写入文件中
2023-06-12 20:00:19,678 - mylog - INFO - 总数据get
2023-06-12 20:00:19,837 - mylog - INFO - 数据已经写入文件中
2023-06-12 20:00:25,692 - mylog - INFO - 总数据get
2023-06-12 20:00:25,853 - mylog - INFO - 数据已经写入文件中
2023-06-12 20:00:31,708 - mylog - INFO - 总数据get
2023-06-12 20:00:31,864 - mylog - INFO - 数据已经写入文件中
2023-06-12 20:00:37,720 - mylog - INFO - 总数据get
2023-06-12 20:00:37,881 - mylog - INFO - 数据已经写入文件中
2023-06-12 20:00:43,738 - mylog - INFO - 总数据get
2023-06-12 20:00:43,898 - mylog - INFO - 数据已经写入文件中
2023-06-12 20:00:49,748 - mylog - INFO - 总数据get
2023-06-12 20:00:49,913 - mylog - INFO - 数据已经写入文件中
2023-06-12 20:00:55,763 - mylog - INFO - 总数据get
2023-06-12 20:00:55,926 - mylog - INFO - 数据已经写入文件中
2023-06-12 20:01:01,777 - mylog - INFO - 总数据get
2023-06-12 20:01:01,936 - mylog - INFO - 数据已经写入文件中
2023-06-12 20:01:07,791 - mylog - INFO - 总数据get
2023-06-12 20:01:07,948 - mylog - INFO - 数据已经写入文件中
2023-06-12 20:01:13,805 - mylog - INFO - 总数据get
2023-06-12 20:01:13,959 - mylog - INFO - 数据已经写入文件中
2023-06-12 20:01:19,821 - mylog - INFO - 总数据get
2023-06-12 20:01:19,986 - mylog - INFO - 数据已经写入文件中
2023-06-12 20:01:25,832 - mylog - INFO - 总数据get
2023-06-12 20:01:25,996 - mylog - INFO - 数据已经写入文件中
2023-06-12 20:01:31,850 - mylog - INFO - 总数据get
2023-06-12 20:01:32,015 - mylog - INFO - 数据已经写入文件中
2023-06-12 20:01:37,861 - mylog - INFO - 总数据get
2023-06-12 20:01:38,024 - mylog - INFO - 数据已经写入文件中
2023-06-12 20:01:43,876 - mylog - INFO - 总数据get
2023-06-12 20:01:44,044 - mylog - INFO - 数据已经写入文件中
2023-06-12 20:02:39,588 - mylog - INFO - 主线程启动开始
2023-06-12 20:02:45,434 - mylog - INFO - 总数据get
2023-06-12 20:02:45,475 - mylog - INFO - 数据已经写入文件中
2023-06-12 20:02:51,391 - mylog - INFO - 总数据get
2023-06-12 20:02:51,555 - mylog - INFO - 数据已经写入文件中
2023-06-12 20:02:57,405 - mylog - INFO - 总数据get
2023-06-12 20:02:57,558 - mylog - INFO - 数据已经写入文件中
2023-06-12 20:03:03,431 - mylog - INFO - 总数据get
2023-06-12 20:03:03,592 - mylog - INFO - 数据已经写入文件中
2023-06-12 20:03:09,433 - mylog - INFO - 总数据get
2023-06-12 20:03:09,592 - mylog - INFO - 数据已经写入文件中
2023-06-12 20:03:15,447 - mylog - INFO - 总数据get
2023-06-12 20:03:15,609 - mylog - INFO - 数据已经写入文件中
2023-06-12 20:03:21,463 - mylog - INFO - 总数据get
2023-06-12 20:03:21,620 - mylog - INFO - 数据已经写入文件中
2023-06-12 20:03:27,476 - mylog - INFO - 总数据get
2023-06-12 20:03:27,638 - mylog - INFO - 数据已经写入文件中
2023-06-12 20:03:33,488 - mylog - INFO - 总数据get
2023-06-12 20:03:33,648 - mylog - INFO - 数据已经写入文件中
2023-06-12 20:03:39,503 - mylog - INFO - 总数据get
2023-06-12 20:03:39,660 - mylog - INFO - 数据已经写入文件中
2023-06-12 20:03:45,516 - mylog - INFO - 总数据get
2023-06-12 20:03:45,676 - mylog - INFO - 数据已经写入文件中
2023-06-12 20:03:51,532 - mylog - INFO - 总数据get
2023-06-12 20:03:51,691 - mylog - INFO - 数据已经写入文件中
2023-06-12 20:03:57,546 - mylog - INFO - 总数据get
2023-06-12 20:03:57,704 - mylog - INFO - 数据已经写入文件中
2023-06-12 20:04:03,560 - mylog - INFO - 总数据get
2023-06-12 20:04:03,719 - mylog - INFO - 数据已经写入文件中
2023-06-12 20:04:09,578 - mylog - INFO - 总数据get
2023-06-12 20:04:09,734 - mylog - INFO - 数据已经写入文件中
2023-06-12 20:04:15,620 - mylog - INFO - 总数据get
2023-06-12 20:04:15,784 - mylog - INFO - 数据已经写入文件中
2023-06-12 20:04:21,635 - mylog - INFO - 总数据get
2023-06-12 20:04:21,807 - mylog - INFO - 数据已经写入文件中
2023-06-12 20:04:27,648 - mylog - INFO - 总数据get
2023-06-12 20:04:27,813 - mylog - INFO - 数据已经写入文件中
2023-06-12 20:04:33,664 - mylog - INFO - 总数据get
2023-06-12 20:04:33,829 - mylog - INFO - 数据已经写入文件中
2023-06-12 20:04:39,679 - mylog - INFO - 总数据get
2023-06-12 20:04:39,840 - mylog - INFO - 数据已经写入文件中
2023-06-12 20:04:45,691 - mylog - INFO - 总数据get
2023-06-12 20:04:45,851 - mylog - INFO - 数据已经写入文件中
2023-06-12 20:04:51,705 - mylog - INFO - 总数据get
2023-06-12 20:04:51,868 - mylog - INFO - 数据已经写入文件中
2023-06-12 20:04:57,718 - mylog - INFO - 总数据get
2023-06-12 20:04:57,872 - mylog - INFO - 数据已经写入文件中
2023-06-12 20:05:03,733 - mylog - INFO - 总数据get
2023-06-12 20:05:03,892 - mylog - INFO - 数据已经写入文件中
2023-06-12 20:05:09,748 - mylog - INFO - 总数据get
2023-06-12 20:05:09,912 - mylog - INFO - 数据已经写入文件中
2023-06-12 20:05:15,762 - mylog - INFO - 总数据get
2023-06-12 20:05:15,923 - mylog - INFO - 数据已经写入文件中
2023-06-12 20:05:21,774 - mylog - INFO - 总数据get
2023-06-12 20:05:21,928 - mylog - INFO - 数据已经写入文件中
2023-06-12 20:05:27,788 - mylog - INFO - 总数据get
2023-06-12 20:05:27,952 - mylog - INFO - 数据已经写入文件中
2023-06-12 20:05:33,801 - mylog - INFO - 总数据get
2023-06-12 20:05:33,966 - mylog - INFO - 数据已经写入文件中
2023-06-12 20:05:39,819 - mylog - INFO - 总数据get
2023-06-12 20:05:39,977 - mylog - INFO - 数据已经写入文件中
2023-06-12 20:06:09,544 - mylog - INFO - 主线程启动开始
2023-06-12 20:06:14,657 - mylog - INFO - 总数据get
2023-06-12 20:06:14,729 - mylog - INFO - 数据已经写入文件中
2023-06-12 20:06:20,617 - mylog - INFO - 总数据get
2023-06-12 20:06:20,774 - mylog - INFO - 数据已经写入文件中
2023-06-12 20:06:26,635 - mylog - INFO - 总数据get
2023-06-12 20:06:26,792 - mylog - INFO - 数据已经写入文件中
2023-06-12 20:06:32,645 - mylog - INFO - 总数据get
2023-06-12 20:06:32,811 - mylog - INFO - 数据已经写入文件中
2023-06-12 20:06:38,664 - mylog - INFO - 总数据get
2023-06-12 20:06:38,823 - mylog - INFO - 数据已经写入文件中
2023-06-12 20:06:44,674 - mylog - INFO - 总数据get
2023-06-12 20:06:44,835 - mylog - INFO - 数据已经写入文件中
2023-06-12 20:06:50,662 - mylog - INFO - 总数据get
2023-06-12 20:06:50,822 - mylog - INFO - 数据已经写入文件中
2023-06-12 20:06:56,702 - mylog - INFO - 总数据get
2023-06-12 20:06:56,863 - mylog - INFO - 数据已经写入文件中
2023-06-12 20:07:02,714 - mylog - INFO - 总数据get
2023-06-12 20:07:02,875 - mylog - INFO - 数据已经写入文件中
2023-06-12 20:07:08,730 - mylog - INFO - 总数据get
2023-06-12 20:07:08,888 - mylog - INFO - 数据已经写入文件中
2023-06-12 20:07:14,742 - mylog - INFO - 总数据get
2023-06-12 20:07:14,904 - mylog - INFO - 数据已经写入文件中
2023-06-12 20:07:20,755 - mylog - INFO - 总数据get
2023-06-12 20:07:20,925 - mylog - INFO - 数据已经写入文件中
2023-06-12 20:07:26,771 - mylog - INFO - 总数据get
2023-06-12 20:07:26,931 - mylog - INFO - 数据已经写入文件中
2023-06-12 20:07:32,783 - mylog - INFO - 总数据get
2023-06-12 20:07:32,955 - mylog - INFO - 数据已经写入文件中
2023-06-12 20:07:38,799 - mylog - INFO - 总数据get
2023-06-12 20:07:38,959 - mylog - INFO - 数据已经写入文件中
2023-06-12 20:07:44,812 - mylog - INFO - 总数据get
2023-06-12 20:07:44,987 - mylog - INFO - 数据已经写入文件中
2023-06-12 20:07:50,828 - mylog - INFO - 总数据get
2023-06-12 20:07:50,987 - mylog - INFO - 数据已经写入文件中
2023-06-12 20:07:56,842 - mylog - INFO - 总数据get
2023-06-12 20:07:57,005 - mylog - INFO - 数据已经写入文件中
2023-06-12 20:08:02,855 - mylog - INFO - 总数据get
2023-06-12 20:08:03,015 - mylog - INFO - 数据已经写入文件中
2023-06-12 20:08:08,867 - mylog - INFO - 总数据get
2023-06-12 20:08:09,026 - mylog - INFO - 数据已经写入文件中
2023-06-12 20:08:14,904 - mylog - INFO - 总数据get
2023-06-12 20:08:15,076 - mylog - INFO - 数据已经写入文件中
2023-06-12 20:08:20,895 - mylog - INFO - 总数据get
2023-06-12 20:08:21,055 - mylog - INFO - 数据已经写入文件中
2023-06-12 20:08:26,910 - mylog - INFO - 总数据get
2023-06-12 20:08:27,071 - mylog - INFO - 数据已经写入文件中
2023-06-12 20:08:32,923 - mylog - INFO - 总数据get
2023-06-12 20:08:33,089 - mylog - INFO - 数据已经写入文件中
2023-06-12 20:08:38,935 - mylog - INFO - 总数据get
2023-06-12 20:08:39,113 - mylog - INFO - 数据已经写入文件中
2023-06-12 20:08:44,950 - mylog - INFO - 总数据get
2023-06-12 20:08:45,109 - mylog - INFO - 数据已经写入文件中
2023-06-12 20:08:50,962 - mylog - INFO - 总数据get
2023-06-12 20:08:51,121 - mylog - INFO - 数据已经写入文件中
2023-06-12 20:08:56,978 - mylog - INFO - 总数据get
2023-06-12 20:08:57,135 - mylog - INFO - 数据已经写入文件中
2023-06-12 20:09:02,991 - mylog - INFO - 总数据get
2023-06-12 20:09:03,153 - mylog - INFO - 数据已经写入文件中
2023-06-12 20:09:09,004 - mylog - INFO - 总数据get
2023-06-12 20:09:09,164 - mylog - INFO - 数据已经写入文件中
2023-06-12 20:13:48,982 - mylog - INFO - 主线程启动开始
2023-06-12 20:13:54,091 - mylog - INFO - 总数据get
2023-06-12 20:13:54,153 - mylog - INFO - 数据已经写入文件中
2023-06-12 20:14:00,048 - mylog - INFO - 总数据get
2023-06-12 20:14:00,207 - mylog - INFO - 数据已经写入文件中
2023-06-12 20:14:06,065 - mylog - INFO - 总数据get
2023-06-12 20:14:06,228 - mylog - INFO - 数据已经写入文件中
2023-06-12 20:14:12,076 - mylog - INFO - 总数据get
2023-06-12 20:14:12,232 - mylog - INFO - 数据已经写入文件中
2023-06-12 20:14:18,090 - mylog - INFO - 总数据get
2023-06-12 20:14:18,268 - mylog - INFO - 数据已经写入文件中
2023-06-12 20:14:24,137 - mylog - INFO - 总数据get
2023-06-12 20:14:24,302 - mylog - INFO - 数据已经写入文件中
2023-06-12 20:14:30,151 - mylog - INFO - 总数据get
2023-06-12 20:14:30,312 - mylog - INFO - 数据已经写入文件中
2023-06-12 20:14:36,165 - mylog - INFO - 总数据get
2023-06-12 20:14:36,326 - mylog - INFO - 数据已经写入文件中
2023-06-12 20:14:42,179 - mylog - INFO - 总数据get
2023-06-12 20:14:42,343 - mylog - INFO - 数据已经写入文件中
2023-06-12 20:14:48,226 - mylog - INFO - 总数据get
2023-06-12 20:14:48,402 - mylog - INFO - 数据已经写入文件中
2023-06-12 20:14:54,240 - mylog - INFO - 总数据get
2023-06-12 20:14:54,402 - mylog - INFO - 数据已经写入文件中
2023-06-12 20:15:00,256 - mylog - INFO - 总数据get
2023-06-12 20:15:00,419 - mylog - INFO - 数据已经写入文件中
2023-06-12 20:15:06,282 - mylog - INFO - 总数据get
2023-06-12 20:15:06,453 - mylog - INFO - 数据已经写入文件中
2023-06-12 20:15:12,314 - mylog - INFO - 总数据get
2023-06-12 20:15:12,484 - mylog - INFO - 数据已经写入文件中
2023-06-12 20:15:18,329 - mylog - INFO - 总数据get
2023-06-12 20:15:18,489 - mylog - INFO - 数据已经写入文件中
2023-06-12 20:15:24,343 - mylog - INFO - 总数据get
2023-06-12 20:15:24,504 - mylog - INFO - 数据已经写入文件中
2023-06-12 20:15:30,355 - mylog - INFO - 总数据get
2023-06-12 20:15:30,512 - mylog - INFO - 数据已经写入文件中
2023-06-12 20:15:36,371 - mylog - INFO - 总数据get
2023-06-12 20:15:36,536 - mylog - INFO - 数据已经写入文件中
2023-06-12 20:15:42,429 - mylog - INFO - 总数据get
2023-06-12 20:15:42,599 - mylog - INFO - 数据已经写入文件中
2023-06-12 20:15:48,398 - mylog - INFO - 总数据get
2023-06-12 20:15:48,557 - mylog - INFO - 数据已经写入文件中
2023-06-12 20:15:54,413 - mylog - INFO - 总数据get
2023-06-12 20:15:54,569 - mylog - INFO - 数据已经写入文件中
2023-06-12 20:16:00,426 - mylog - INFO - 总数据get
2023-06-12 20:16:00,582 - mylog - INFO - 数据已经写入文件中
2023-06-12 20:16:06,438 - mylog - INFO - 总数据get
2023-06-12 20:16:06,596 - mylog - INFO - 数据已经写入文件中
2023-06-12 20:16:12,458 - mylog - INFO - 总数据get
2023-06-12 20:16:12,618 - mylog - INFO - 数据已经写入文件中
2023-06-12 20:16:18,469 - mylog - INFO - 总数据get
2023-06-12 20:16:18,638 - mylog - INFO - 数据已经写入文件中
2023-06-12 20:16:24,484 - mylog - INFO - 总数据get
2023-06-12 20:16:24,643 - mylog - INFO - 数据已经写入文件中
2023-06-12 20:16:30,500 - mylog - INFO - 总数据get
2023-06-12 20:16:30,668 - mylog - INFO - 数据已经写入文件中
2023-06-12 20:16:36,510 - mylog - INFO - 总数据get
2023-06-12 20:16:36,674 - mylog - INFO - 数据已经写入文件中
2023-06-12 20:16:42,522 - mylog - INFO - 总数据get
2023-06-12 20:16:42,680 - mylog - INFO - 数据已经写入文件中
2023-06-12 20:16:48,539 - mylog - INFO - 总数据get
2023-06-12 20:16:48,698 - mylog - INFO - 数据已经写入文件中
2023-06-12 21:18:43,700 - mylog - INFO - 主线程启动开始
2023-06-12 21:20:17,751 - mylog - INFO - 主线程启动开始
2023-06-12 21:24:00,299 - mylog - INFO - 主线程启动开始
2023-06-12 21:24:09,043 - mylog - INFO - 总数据get
2023-06-12 21:24:09,198 - mylog - INFO - 数据已经写入文件中
2023-06-12 21:24:32,066 - mylog - INFO - 主线程启动开始
2023-06-12 21:24:40,701 - mylog - INFO - 总数据get
2023-06-12 21:24:40,823 - mylog - INFO - 数据已经写入文件中
2023-06-12 21:25:39,244 - mylog - INFO - 主线程启动开始
2023-06-12 21:25:47,951 - mylog - INFO - 总数据get
2023-06-12 21:25:48,066 - mylog - INFO - 数据已经写入文件中
2023-06-12 21:33:03,801 - mylog - INFO - 主线程启动开始
2023-06-12 21:33:15,212 - mylog - INFO - 总数据get
2023-06-12 21:33:15,584 - mylog - INFO - 数据已经写入文件中
2023-06-13 15:50:50,070 - mylog - INFO - 主线程启动开始
2023-06-13 15:50:58,183 - mylog - INFO - 总数据get
2023-06-13 15:50:58,307 - mylog - INFO - 数据已经写入文件中
2023-06-13 15:54:53,565 - mylog - INFO - 主线程启动开始
2023-06-13 15:55:01,659 - mylog - INFO - 总数据get
2023-06-13 15:55:01,786 - mylog - INFO - 数据已经写入文件中
2023-06-13 15:56:30,115 - mylog - INFO - 主线程启动开始
2023-06-13 15:56:38,921 - mylog - INFO - 总数据get
2023-06-13 15:56:39,077 - mylog - INFO - 数据已经写入文件中
2023-06-13 16:10:26,532 - mylog - INFO - 主线程启动开始
2023-06-13 16:10:35,214 - mylog - INFO - 总数据get
2023-06-13 16:10:35,231 - mylog - INFO - 数据已经写入文件中
2023-06-13 16:11:02,037 - mylog - INFO - 主线程启动开始
2023-06-13 16:11:10,083 - mylog - INFO - 总数据get
2023-06-13 16:11:10,176 - mylog - INFO - 数据已经写入文件中
2023-06-13 16:39:58,539 - mylog - INFO - 主线程启动开始
2023-06-13 16:40:11,164 - mylog - INFO - 总数据get
2023-06-13 16:40:11,429 - mylog - INFO - 数据已经写入文件中
2023-06-13 16:41:37,453 - mylog - INFO - 主线程启动开始
2023-06-13 16:41:44,135 - mylog - INFO - 总数据get
2023-06-13 16:41:44,284 - mylog - INFO - 数据已经写入文件中
2023-06-13 16:41:55,231 - mylog - INFO - 主线程启动开始
2023-06-13 16:42:01,268 - mylog - INFO - 总数据get
2023-06-13 16:42:01,356 - mylog - INFO - 数据已经写入文件中
2023-06-14 19:01:11,151 - mylog - INFO - 主线程启动开始
2023-06-14 19:01:17,274 - mylog - INFO - 总数据get
2023-06-14 19:01:17,329 - mylog - INFO - 数据已经写入文件中
2023-06-14 19:23:22,202 - mylog - INFO - 主线程启动开始
2023-06-15 15:52:39,556 - mylog - INFO - 主线程启动开始
2023-06-15 15:53:39,423 - mylog - INFO - 主线程启动开始
2023-06-15 15:53:45,549 - mylog - INFO - 总数据get
2023-06-15 15:53:45,640 - mylog - INFO - 数据已经写入文件中
2023-06-15 16:19:38,909 - mylog - INFO - 主线程启动开始
2023-06-15 16:19:45,009 - mylog - INFO - 总数据get
2023-06-15 16:19:45,071 - mylog - INFO - 数据已经写入文件中
2023-06-15 16:34:29,326 - mylog - INFO - 主线程启动开始
2023-06-15 17:04:22,066 - mylog - INFO - 主线程启动开始
2023-06-15 17:04:28,184 - mylog - INFO - 存入测试动作数据
2023-06-15 17:04:28,255 - mylog - INFO - 测试数据已经写入文件中
2023-06-22 14:51:08,319 - mylog - INFO - 主线程启动开始
2023-06-22 14:51:14,409 - mylog - INFO - 存入测试动作数据
2023-06-22 14:51:14,508 - mylog - INFO - 测试数据已经写入文件中
2023-06-28 19:20:40,394 - mylog - INFO - 主线程启动开始
2023-06-28 19:20:45,496 - mylog - INFO - 总数据get
2023-06-28 19:20:45,527 - mylog - INFO - 数据已经写入文件中
2023-06-28 19:20:51,451 - mylog - INFO - 总数据get
2023-06-28 19:20:51,619 - mylog - INFO - 数据已经写入文件中
2023-06-28 19:20:57,464 - mylog - INFO - 总数据get
2023-06-28 19:20:57,623 - mylog - INFO - 数据已经写入文件中
2023-06-28 19:21:03,491 - mylog - INFO - 总数据get
2023-06-28 19:21:03,670 - mylog - INFO - 数据已经写入文件中
2023-06-28 19:21:09,525 - mylog - INFO - 总数据get
2023-06-28 19:21:09,688 - mylog - INFO - 数据已经写入文件中
2023-06-28 19:21:15,542 - mylog - INFO - 总数据get
2023-06-28 19:21:15,716 - mylog - INFO - 数据已经写入文件中
2023-06-28 19:21:21,555 - mylog - INFO - 总数据get
2023-06-28 19:21:21,726 - mylog - INFO - 数据已经写入文件中
2023-06-28 19:21:27,568 - mylog - INFO - 总数据get
2023-06-28 19:21:27,716 - mylog - INFO - 数据已经写入文件中
2023-06-28 19:21:33,581 - mylog - INFO - 总数据get
2023-06-28 19:21:33,746 - mylog - INFO - 数据已经写入文件中
2023-06-28 19:21:39,598 - mylog - INFO - 总数据get
2023-06-28 19:21:39,766 - mylog - INFO - 数据已经写入文件中
2023-06-28 19:21:45,609 - mylog - INFO - 总数据get
2023-06-28 19:21:45,768 - mylog - INFO - 数据已经写入文件中
2023-06-28 19:21:51,627 - mylog - INFO - 总数据get
2023-06-28 19:21:51,810 - mylog - INFO - 数据已经写入文件中
2023-06-28 19:21:57,637 - mylog - INFO - 总数据get
2023-06-28 19:21:57,795 - mylog - INFO - 数据已经写入文件中
2023-06-28 19:22:03,653 - mylog - INFO - 总数据get
2023-06-28 19:22:03,827 - mylog - INFO - 数据已经写入文件中
2023-06-28 19:22:09,667 - mylog - INFO - 总数据get
2023-06-28 19:22:09,831 - mylog - INFO - 数据已经写入文件中
2023-06-28 19:22:15,681 - mylog - INFO - 总数据get
2023-06-28 19:22:15,842 - mylog - INFO - 数据已经写入文件中
2023-06-28 19:22:21,695 - mylog - INFO - 总数据get
2023-06-28 19:22:21,846 - mylog - INFO - 数据已经写入文件中
2023-06-28 19:22:27,706 - mylog - INFO - 总数据get
2023-06-28 19:22:27,863 - mylog - INFO - 数据已经写入文件中
2023-06-28 19:22:33,721 - mylog - INFO - 总数据get
2023-06-28 19:22:33,904 - mylog - INFO - 数据已经写入文件中
2023-06-28 19:22:39,737 - mylog - INFO - 总数据get
2023-06-28 19:22:39,920 - mylog - INFO - 数据已经写入文件中
2023-06-28 19:22:45,754 - mylog - INFO - 总数据get
2023-06-28 19:22:45,911 - mylog - INFO - 数据已经写入文件中
2023-06-28 19:22:48,978 - mylog - INFO - 总数据get
2023-06-28 19:22:49,059 - mylog - INFO - 数据已经写入文件中
2023-06-28 19:23:42,565 - mylog - INFO - 主线程启动开始
2023-06-28 19:23:47,665 - mylog - INFO - 总数据get
2023-06-28 19:23:47,665 - mylog - INFO - 数据已经写入文件中
2023-06-28 19:23:53,655 - mylog - INFO - 总数据get
2023-06-28 19:23:53,790 - mylog - INFO - 数据已经写入文件中
2023-06-28 19:23:59,702 - mylog - INFO - 总数据get
2023-06-28 19:23:59,863 - mylog - INFO - 数据已经写入文件中
2023-06-28 19:24:05,714 - mylog - INFO - 总数据get
2023-06-28 19:24:05,878 - mylog - INFO - 数据已经写入文件中
2023-06-28 19:24:11,731 - mylog - INFO - 总数据get
2023-06-28 19:24:11,894 - mylog - INFO - 数据已经写入文件中
2023-06-28 19:24:17,743 - mylog - INFO - 总数据get
2023-06-28 19:24:17,899 - mylog - INFO - 数据已经写入文件中
2023-06-28 19:24:23,756 - mylog - INFO - 总数据get
2023-06-28 19:24:23,922 - mylog - INFO - 数据已经写入文件中
2023-06-28 19:24:29,771 - mylog - INFO - 总数据get
2023-06-28 19:24:29,925 - mylog - INFO - 数据已经写入文件中
2023-06-28 19:24:35,765 - mylog - INFO - 总数据get
2023-06-28 19:24:35,940 - mylog - INFO - 数据已经写入文件中
2023-06-28 19:24:41,798 - mylog - INFO - 总数据get
2023-06-28 19:24:41,968 - mylog - INFO - 数据已经写入文件中
2023-06-28 19:24:47,816 - mylog - INFO - 总数据get
2023-06-28 19:24:47,976 - mylog - INFO - 数据已经写入文件中
2023-06-28 19:24:53,836 - mylog - INFO - 总数据get
2023-06-28 19:24:53,998 - mylog - INFO - 数据已经写入文件中
2023-06-28 19:24:59,840 - mylog - INFO - 总数据get
2023-06-28 19:25:00,008 - mylog - INFO - 数据已经写入文件中
2023-06-28 19:26:39,382 - mylog - INFO - 主线程启动开始
2023-06-28 19:26:44,497 - mylog - INFO - 总数据get
2023-06-28 19:26:44,545 - mylog - INFO - 数据已经写入文件中
2023-06-28 19:26:50,458 - mylog - INFO - 总数据get
2023-06-28 19:26:50,616 - mylog - INFO - 数据已经写入文件中
2023-06-28 19:26:56,474 - mylog - INFO - 总数据get
2023-06-28 19:26:56,634 - mylog - INFO - 数据已经写入文件中
2023-06-28 19:27:02,488 - mylog - INFO - 总数据get
2023-06-28 19:27:02,637 - mylog - INFO - 数据已经写入文件中
2023-06-28 19:27:08,500 - mylog - INFO - 总数据get
2023-06-28 19:27:08,654 - mylog - INFO - 数据已经写入文件中
2023-06-28 19:27:14,515 - mylog - INFO - 总数据get
2023-06-28 19:27:14,673 - mylog - INFO - 数据已经写入文件中
2023-06-28 19:27:20,532 - mylog - INFO - 总数据get
2023-06-28 19:27:20,691 - mylog - INFO - 数据已经写入文件中
2023-06-28 19:27:26,557 - mylog - INFO - 总数据get
2023-06-28 19:27:26,728 - mylog - INFO - 数据已经写入文件中
2023-06-28 19:27:32,589 - mylog - INFO - 总数据get
2023-06-28 19:27:32,744 - mylog - INFO - 数据已经写入文件中
2023-06-28 19:27:38,612 - mylog - INFO - 总数据get
2023-06-28 19:27:38,766 - mylog - INFO - 数据已经写入文件中
2023-06-28 19:27:44,652 - mylog - INFO - 总数据get
2023-06-28 19:27:44,814 - mylog - INFO - 数据已经写入文件中
2023-06-28 19:27:50,665 - mylog - INFO - 总数据get
2023-06-28 19:27:50,822 - mylog - INFO - 数据已经写入文件中
2023-06-28 19:27:56,679 - mylog - INFO - 总数据get
2023-06-28 19:27:56,840 - mylog - INFO - 数据已经写入文件中
2023-06-28 19:28:02,694 - mylog - INFO - 总数据get
2023-06-28 19:28:02,856 - mylog - INFO - 数据已经写入文件中
2023-06-28 19:28:08,706 - mylog - INFO - 总数据get
2023-06-28 19:28:08,860 - mylog - INFO - 数据已经写入文件中
2023-06-28 19:28:14,751 - mylog - INFO - 总数据get
2023-06-28 19:28:14,912 - mylog - INFO - 数据已经写入文件中
2023-06-28 19:28:20,735 - mylog - INFO - 总数据get
2023-06-28 19:28:20,888 - mylog - INFO - 数据已经写入文件中
2023-06-28 19:28:26,749 - mylog - INFO - 总数据get
2023-06-28 19:28:26,905 - mylog - INFO - 数据已经写入文件中
2023-06-28 19:36:28,707 - mylog - INFO - 主线程启动开始
2023-06-28 19:36:41,157 - mylog - INFO - 主线程启动开始
2023-06-28 19:39:25,624 - mylog - INFO - 主线程启动开始
2023-06-28 19:40:46,130 - mylog - INFO - 主线程启动开始
2023-06-28 19:40:51,225 - mylog - INFO - 总数据get
2023-06-28 19:40:51,258 - mylog - INFO - 数据已经写入文件中
2023-06-28 19:40:57,186 - mylog - INFO - 总数据get
2023-06-28 19:40:57,344 - mylog - INFO - 数据已经写入文件中
2023-06-28 19:41:03,200 - mylog - INFO - 总数据get
2023-06-28 19:41:03,363 - mylog - INFO - 数据已经写入文件中
2023-06-28 19:41:09,245 - mylog - INFO - 总数据get
2023-06-28 19:41:09,404 - mylog - INFO - 数据已经写入文件中
2023-06-28 19:41:15,228 - mylog - INFO - 总数据get
2023-06-28 19:41:15,382 - mylog - INFO - 数据已经写入文件中
2023-06-28 19:41:21,241 - mylog - INFO - 总数据get
2023-06-28 19:41:21,394 - mylog - INFO - 数据已经写入文件中
2023-06-28 19:41:27,254 - mylog - INFO - 总数据get
2023-06-28 19:41:27,413 - mylog - INFO - 数据已经写入文件中
2023-06-28 19:41:33,270 - mylog - INFO - 总数据get
2023-06-28 19:41:33,431 - mylog - INFO - 数据已经写入文件中
2023-06-28 19:41:39,280 - mylog - INFO - 总数据get
2023-06-28 19:41:39,440 - mylog - INFO - 数据已经写入文件中
2023-06-28 19:41:45,327 - mylog - INFO - 总数据get
2023-06-28 19:41:45,489 - mylog - INFO - 数据已经写入文件中
2023-06-28 19:41:51,313 - mylog - INFO - 总数据get
2023-06-28 19:41:51,477 - mylog - INFO - 数据已经写入文件中
2023-06-28 19:41:57,324 - mylog - INFO - 总数据get
2023-06-28 19:41:57,476 - mylog - INFO - 数据已经写入文件中
2023-06-28 19:42:03,338 - mylog - INFO - 总数据get
2023-06-28 19:42:03,504 - mylog - INFO - 数据已经写入文件中
2023-06-28 19:42:09,353 - mylog - INFO - 总数据get
2023-06-28 19:42:09,519 - mylog - INFO - 数据已经写入文件中
2023-06-28 19:42:15,364 - mylog - INFO - 总数据get
2023-06-28 19:42:15,521 - mylog - INFO - 数据已经写入文件中
2023-06-28 19:42:21,380 - mylog - INFO - 总数据get
2023-06-28 19:42:21,538 - mylog - INFO - 数据已经写入文件中
2023-06-28 19:42:27,396 - mylog - INFO - 总数据get
2023-06-28 19:42:27,554 - mylog - INFO - 数据已经写入文件中
2023-06-28 19:42:33,406 - mylog - INFO - 总数据get
2023-06-28 19:42:33,571 - mylog - INFO - 数据已经写入文件中
2023-06-28 19:42:39,419 - mylog - INFO - 总数据get
2023-06-28 19:42:39,575 - mylog - INFO - 数据已经写入文件中
2023-06-28 19:42:45,436 - mylog - INFO - 总数据get
2023-06-28 19:42:45,597 - mylog - INFO - 数据已经写入文件中
2023-06-28 19:42:51,478 - mylog - INFO - 总数据get
2023-06-28 19:42:51,632 - mylog - INFO - 数据已经写入文件中
2023-06-28 19:42:57,465 - mylog - INFO - 总数据get
2023-06-28 19:42:57,622 - mylog - INFO - 数据已经写入文件中
2023-06-28 19:43:03,475 - mylog - INFO - 总数据get
2023-06-28 19:43:03,642 - mylog - INFO - 数据已经写入文件中
2023-06-28 19:43:09,491 - mylog - INFO - 总数据get
2023-06-28 19:43:09,648 - mylog - INFO - 数据已经写入文件中
2023-06-28 19:43:15,503 - mylog - INFO - 总数据get
2023-06-28 19:43:15,658 - mylog - INFO - 数据已经写入文件中
2023-06-28 19:43:21,529 - mylog - INFO - 总数据get
2023-06-28 19:43:21,691 - mylog - INFO - 数据已经写入文件中
2023-06-28 19:43:27,533 - mylog - INFO - 总数据get
2023-06-28 19:43:27,693 - mylog - INFO - 数据已经写入文件中
2023-06-28 19:43:33,545 - mylog - INFO - 总数据get
2023-06-28 19:43:33,702 - mylog - INFO - 数据已经写入文件中
2023-06-28 19:43:39,562 - mylog - INFO - 总数据get
2023-06-28 19:43:39,720 - mylog - INFO - 数据已经写入文件中
2023-06-28 19:43:45,576 - mylog - INFO - 总数据get
2023-06-28 19:43:45,728 - mylog - INFO - 数据已经写入文件中
2023-06-28 19:43:51,589 - mylog - INFO - 总数据get
2023-06-28 19:43:51,742 - mylog - INFO - 数据已经写入文件中
2023-06-28 19:43:57,607 - mylog - INFO - 总数据get
2023-06-28 19:43:57,763 - mylog - INFO - 数据已经写入文件中
2023-06-28 19:44:03,618 - mylog - INFO - 总数据get
2023-06-28 19:44:03,781 - mylog - INFO - 数据已经写入文件中
2023-06-28 19:44:09,634 - mylog - INFO - 总数据get
2023-06-28 19:44:09,790 - mylog - INFO - 数据已经写入文件中
2023-06-28 19:44:15,644 - mylog - INFO - 总数据get
2023-06-28 19:44:15,802 - mylog - INFO - 数据已经写入文件中
2023-06-28 19:44:16,350 - mylog - INFO - 总数据get
2023-06-28 19:44:16,365 - mylog - INFO - 数据已经写入文件中
2023-06-28 19:48:10,119 - mylog - INFO - 主线程启动开始
2023-06-28 19:48:14,934 - mylog - INFO - 总数据get
2023-06-28 19:48:14,934 - mylog - INFO - 数据已经写入文件中
2023-06-28 19:48:19,945 - mylog - INFO - 总数据get
2023-06-28 19:48:20,075 - mylog - INFO - 数据已经写入文件中
2023-06-28 19:48:25,011 - mylog - INFO - 总数据get
2023-06-28 19:48:25,158 - mylog - INFO - 数据已经写入文件中
2023-06-28 19:48:29,997 - mylog - INFO - 总数据get
2023-06-28 19:48:30,148 - mylog - INFO - 数据已经写入文件中
2023-06-28 19:48:35,026 - mylog - INFO - 总数据get
2023-06-28 19:48:35,157 - mylog - INFO - 数据已经写入文件中
2023-06-28 19:48:40,067 - mylog - INFO - 总数据get
2023-06-28 19:48:40,206 - mylog - INFO - 数据已经写入文件中
2023-06-28 19:48:45,105 - mylog - INFO - 总数据get
2023-06-28 19:48:45,243 - mylog - INFO - 数据已经写入文件中
2023-06-28 19:48:50,112 - mylog - INFO - 总数据get
2023-06-28 19:48:50,244 - mylog - INFO - 数据已经写入文件中
2023-06-28 19:48:55,117 - mylog - INFO - 总数据get
2023-06-28 19:48:55,248 - mylog - INFO - 数据已经写入文件中
2023-06-28 19:49:00,157 - mylog - INFO - 总数据get
2023-06-28 19:49:00,286 - mylog - INFO - 数据已经写入文件中
2023-06-28 19:49:05,164 - mylog - INFO - 总数据get
2023-06-28 19:49:05,300 - mylog - INFO - 数据已经写入文件中
2023-06-28 19:49:10,207 - mylog - INFO - 总数据get
2023-06-28 19:49:10,337 - mylog - INFO - 数据已经写入文件中
2023-06-28 19:49:15,241 - mylog - INFO - 总数据get
2023-06-28 19:49:15,372 - mylog - INFO - 数据已经写入文件中
2023-06-28 19:49:20,247 - mylog - INFO - 总数据get
2023-06-28 19:49:20,377 - mylog - INFO - 数据已经写入文件中
2023-06-28 19:49:25,287 - mylog - INFO - 总数据get
2023-06-28 19:49:25,419 - mylog - INFO - 数据已经写入文件中
2023-06-28 19:49:30,294 - mylog - INFO - 总数据get
2023-06-28 19:49:30,426 - mylog - INFO - 数据已经写入文件中
2023-06-28 19:49:35,277 - mylog - INFO - 总数据get
2023-06-28 19:49:35,415 - mylog - INFO - 数据已经写入文件中
2023-06-28 19:49:40,305 - mylog - INFO - 总数据get
2023-06-28 19:49:40,433 - mylog - INFO - 数据已经写入文件中
2023-06-28 19:49:45,310 - mylog - INFO - 总数据get
2023-06-28 19:49:45,438 - mylog - INFO - 数据已经写入文件中
2023-06-28 19:49:50,350 - mylog - INFO - 总数据get
2023-06-28 19:49:50,482 - mylog - INFO - 数据已经写入文件中
2023-06-28 19:49:55,359 - mylog - INFO - 总数据get
2023-06-28 19:49:55,486 - mylog - INFO - 数据已经写入文件中
2023-06-28 19:50:00,396 - mylog - INFO - 总数据get
2023-06-28 19:50:00,535 - mylog - INFO - 数据已经写入文件中
2023-06-28 19:50:05,369 - mylog - INFO - 总数据get
2023-06-28 19:50:05,507 - mylog - INFO - 数据已经写入文件中
2023-06-28 19:50:10,375 - mylog - INFO - 总数据get
2023-06-28 19:50:10,508 - mylog - INFO - 数据已经写入文件中
2023-06-28 19:50:15,416 - mylog - INFO - 总数据get
2023-06-28 19:50:15,546 - mylog - INFO - 数据已经写入文件中
2023-06-28 19:50:20,454 - mylog - INFO - 总数据get
2023-06-28 19:50:20,588 - mylog - INFO - 数据已经写入文件中
2023-06-28 19:50:25,488 - mylog - INFO - 总数据get
2023-06-28 19:50:25,617 - mylog - INFO - 数据已经写入文件中
2023-06-28 19:50:30,498 - mylog - INFO - 总数据get
2023-06-28 19:50:30,631 - mylog - INFO - 数据已经写入文件中
2023-06-28 19:50:35,484 - mylog - INFO - 总数据get
2023-06-28 19:50:35,618 - mylog - INFO - 数据已经写入文件中
2023-06-28 19:50:40,513 - mylog - INFO - 总数据get
2023-06-28 19:50:40,664 - mylog - INFO - 数据已经写入文件中
2023-06-28 19:50:45,558 - mylog - INFO - 总数据get
2023-06-28 19:50:45,695 - mylog - INFO - 数据已经写入文件中
2023-06-28 19:50:50,593 - mylog - INFO - 总数据get
2023-06-28 19:50:50,731 - mylog - INFO - 数据已经写入文件中
2023-06-28 19:50:55,597 - mylog - INFO - 总数据get
2023-06-28 19:50:55,732 - mylog - INFO - 数据已经写入文件中
2023-06-28 19:51:00,635 - mylog - INFO - 总数据get
2023-06-28 19:51:00,785 - mylog - INFO - 数据已经写入文件中
2023-06-28 19:51:05,643 - mylog - INFO - 总数据get
2023-06-28 19:51:05,786 - mylog - INFO - 数据已经写入文件中
2023-06-28 19:53:14,426 - mylog - INFO - 主线程启动开始
2023-06-28 19:53:18,526 - mylog - INFO - 总数据get
2023-06-28 19:53:18,527 - mylog - INFO - 数据已经写入文件中
2023-06-28 19:53:23,502 - mylog - INFO - 总数据get
2023-06-28 19:53:23,610 - mylog - INFO - 数据已经写入文件中
2023-06-28 19:53:28,543 - mylog - INFO - 总数据get
2023-06-28 19:53:28,677 - mylog - INFO - 数据已经写入文件中
2023-06-28 19:53:33,584 - mylog - INFO - 总数据get
2023-06-28 19:53:33,722 - mylog - INFO - 数据已经写入文件中
2023-06-28 19:53:38,591 - mylog - INFO - 总数据get
2023-06-28 19:53:38,725 - mylog - INFO - 数据已经写入文件中
2023-06-28 19:53:43,628 - mylog - INFO - 总数据get
2023-06-28 19:53:43,752 - mylog - INFO - 数据已经写入文件中
2023-06-28 19:53:48,667 - mylog - INFO - 总数据get
2023-06-28 19:53:48,794 - mylog - INFO - 数据已经写入文件中
2023-06-28 19:53:53,740 - mylog - INFO - 总数据get
2023-06-28 19:53:53,873 - mylog - INFO - 数据已经写入文件中
2023-06-28 19:53:58,715 - mylog - INFO - 总数据get
2023-06-28 19:53:58,844 - mylog - INFO - 数据已经写入文件中
2023-06-28 19:54:03,753 - mylog - INFO - 总数据get
2023-06-28 19:54:03,894 - mylog - INFO - 数据已经写入文件中
2023-06-28 19:54:08,763 - mylog - INFO - 总数据get
2023-06-28 19:54:08,894 - mylog - INFO - 数据已经写入文件中
2023-06-28 19:54:13,767 - mylog - INFO - 总数据get
2023-06-28 19:54:13,905 - mylog - INFO - 数据已经写入文件中
2023-06-28 19:54:18,784 - mylog - INFO - 总数据get
2023-06-28 19:54:18,916 - mylog - INFO - 数据已经写入文件中
2023-06-28 19:54:23,818 - mylog - INFO - 总数据get
2023-06-28 19:54:23,950 - mylog - INFO - 数据已经写入文件中
2023-06-28 19:54:28,850 - mylog - INFO - 总数据get
2023-06-28 19:54:28,984 - mylog - INFO - 数据已经写入文件中
2023-06-28 19:54:33,892 - mylog - INFO - 总数据get
2023-06-28 19:54:34,024 - mylog - INFO - 数据已经写入文件中
2023-06-28 19:54:38,865 - mylog - INFO - 总数据get
2023-06-28 19:54:38,994 - mylog - INFO - 数据已经写入文件中
2023-06-28 19:54:43,873 - mylog - INFO - 总数据get
2023-06-28 19:54:44,008 - mylog - INFO - 数据已经写入文件中
2023-06-28 19:54:48,876 - mylog - INFO - 总数据get
2023-06-28 19:54:49,005 - mylog - INFO - 数据已经写入文件中
2023-06-28 19:54:53,912 - mylog - INFO - 总数据get
2023-06-28 19:54:54,042 - mylog - INFO - 数据已经写入文件中
2023-06-28 19:54:58,923 - mylog - INFO - 总数据get
2023-06-28 19:54:59,056 - mylog - INFO - 数据已经写入文件中
2023-06-28 19:55:03,928 - mylog - INFO - 总数据get
2023-06-28 19:55:04,061 - mylog - INFO - 数据已经写入文件中
2023-06-28 19:55:08,964 - mylog - INFO - 总数据get
2023-06-28 19:55:09,090 - mylog - INFO - 数据已经写入文件中
2023-06-28 19:55:14,003 - mylog - INFO - 总数据get
2023-06-28 19:55:14,135 - mylog - INFO - 数据已经写入文件中
2023-06-28 19:56:54,679 - mylog - INFO - 主线程启动开始
2023-06-28 19:56:58,797 - mylog - INFO - 总数据get
2023-06-28 19:56:58,797 - mylog - INFO - 数据已经写入文件中
2023-06-28 19:57:03,752 - mylog - INFO - 总数据get
2023-06-28 19:57:03,847 - mylog - INFO - 数据已经写入文件中
2023-06-28 19:57:08,793 - mylog - INFO - 总数据get
2023-06-28 19:57:08,923 - mylog - INFO - 数据已经写入文件中
2023-06-28 19:57:13,795 - mylog - INFO - 总数据get
2023-06-28 19:57:13,925 - mylog - INFO - 数据已经写入文件中
2023-06-28 19:57:18,799 - mylog - INFO - 总数据get
2023-06-28 19:57:18,929 - mylog - INFO - 数据已经写入文件中
2023-06-28 19:57:23,873 - mylog - INFO - 总数据get
2023-06-28 19:57:24,014 - mylog - INFO - 数据已经写入文件中
2023-06-28 19:57:28,881 - mylog - INFO - 总数据get
2023-06-28 19:57:29,016 - mylog - INFO - 数据已经写入文件中
2023-06-28 19:57:33,887 - mylog - INFO - 总数据get
2023-06-28 19:57:34,022 - mylog - INFO - 数据已经写入文件中
2023-06-28 19:57:38,924 - mylog - INFO - 总数据get
2023-06-28 19:57:39,056 - mylog - INFO - 数据已经写入文件中
2023-06-28 19:57:43,932 - mylog - INFO - 总数据get
2023-06-28 19:57:44,070 - mylog - INFO - 数据已经写入文件中
2023-06-28 19:57:48,972 - mylog - INFO - 总数据get
2023-06-28 19:57:49,102 - mylog - INFO - 数据已经写入文件中
2023-06-28 19:57:53,977 - mylog - INFO - 总数据get
2023-06-28 19:57:54,106 - mylog - INFO - 数据已经写入文件中
2023-06-28 19:57:59,015 - mylog - INFO - 总数据get
2023-06-28 19:57:59,147 - mylog - INFO - 数据已经写入文件中
2023-06-28 19:58:03,993 - mylog - INFO - 总数据get
2023-06-28 19:58:04,121 - mylog - INFO - 数据已经写入文件中
2023-06-28 19:58:09,029 - mylog - INFO - 总数据get
2023-06-28 19:58:09,158 - mylog - INFO - 数据已经写入文件中
2023-06-28 19:58:14,037 - mylog - INFO - 总数据get
2023-06-28 19:58:14,165 - mylog - INFO - 数据已经写入文件中
2023-06-28 19:58:19,073 - mylog - INFO - 总数据get
2023-06-28 19:58:19,204 - mylog - INFO - 数据已经写入文件中
2023-06-28 19:58:24,084 - mylog - INFO - 总数据get
2023-06-28 19:58:24,215 - mylog - INFO - 数据已经写入文件中
2023-06-28 19:58:29,119 - mylog - INFO - 总数据get
2023-06-28 19:58:29,254 - mylog - INFO - 数据已经写入文件中
2023-06-28 19:58:34,159 - mylog - INFO - 总数据get
2023-06-28 19:58:34,290 - mylog - INFO - 数据已经写入文件中
2023-06-28 19:58:39,198 - mylog - INFO - 总数据get
2023-06-28 19:58:39,329 - mylog - INFO - 数据已经写入文件中
2023-06-28 19:58:44,239 - mylog - INFO - 总数据get
2023-06-28 19:58:44,369 - mylog - INFO - 数据已经写入文件中
2023-06-28 19:58:49,249 - mylog - INFO - 总数据get
2023-06-28 19:58:49,390 - mylog - INFO - 数据已经写入文件中
2023-06-28 19:58:54,288 - mylog - INFO - 总数据get
2023-06-28 19:58:54,421 - mylog - INFO - 数据已经写入文件中
2023-06-28 19:58:59,327 - mylog - INFO - 总数据get
2023-06-28 19:58:59,461 - mylog - INFO - 数据已经写入文件中
2023-06-28 19:59:04,335 - mylog - INFO - 总数据get
2023-06-28 19:59:04,463 - mylog - INFO - 数据已经写入文件中
2023-06-28 19:59:09,366 - mylog - INFO - 总数据get
2023-06-28 19:59:09,500 - mylog - INFO - 数据已经写入文件中
2023-06-28 19:59:14,379 - mylog - INFO - 总数据get
2023-06-28 19:59:14,513 - mylog - INFO - 数据已经写入文件中
2023-06-28 19:59:19,384 - mylog - INFO - 总数据get
2023-06-28 19:59:19,518 - mylog - INFO - 数据已经写入文件中
2023-06-28 19:59:24,421 - mylog - INFO - 总数据get
2023-06-28 19:59:24,549 - mylog - INFO - 数据已经写入文件中
2023-06-28 19:59:29,428 - mylog - INFO - 总数据get
2023-06-28 19:59:29,561 - mylog - INFO - 数据已经写入文件中
2023-06-28 19:59:34,434 - mylog - INFO - 总数据get
2023-06-28 19:59:34,566 - mylog - INFO - 数据已经写入文件中
2023-06-28 19:59:39,472 - mylog - INFO - 总数据get
2023-06-28 19:59:39,606 - mylog - INFO - 数据已经写入文件中
2023-06-28 19:59:44,513 - mylog - INFO - 总数据get
2023-06-28 19:59:44,642 - mylog - INFO - 数据已经写入文件中
2023-06-28 19:59:49,552 - mylog - INFO - 总数据get
2023-06-28 19:59:49,681 - mylog - INFO - 数据已经写入文件中
2023-06-28 19:59:54,557 - mylog - INFO - 总数据get
2023-06-28 19:59:54,689 - mylog - INFO - 数据已经写入文件中
2023-06-28 19:59:59,563 - mylog - INFO - 总数据get
2023-06-28 19:59:59,693 - mylog - INFO - 数据已经写入文件中
2023-06-28 20:00:04,602 - mylog - INFO - 总数据get
2023-06-28 20:00:04,730 - mylog - INFO - 数据已经写入文件中
2023-06-28 20:00:09,609 - mylog - INFO - 总数据get
2023-06-28 20:00:09,735 - mylog - INFO - 数据已经写入文件中
2023-06-28 20:00:14,648 - mylog - INFO - 总数据get
2023-06-28 20:00:14,777 - mylog - INFO - 数据已经写入文件中
2023-06-28 20:00:19,689 - mylog - INFO - 总数据get
2023-06-28 20:00:19,822 - mylog - INFO - 数据已经写入文件中
2023-06-28 20:00:24,695 - mylog - INFO - 总数据get
2023-06-28 20:00:24,829 - mylog - INFO - 数据已经写入文件中
2023-06-28 20:00:29,771 - mylog - INFO - 总数据get
2023-06-28 20:00:29,904 - mylog - INFO - 数据已经写入文件中
2023-06-28 20:00:34,773 - mylog - INFO - 总数据get
2023-06-28 20:00:34,900 - mylog - INFO - 数据已经写入文件中
2023-06-28 20:19:38,269 - mylog - INFO - 主线程启动开始
2023-06-28 20:19:42,364 - mylog - INFO - 总数据get
2023-06-28 20:19:42,364 - mylog - INFO - 数据已经写入文件中
2023-06-28 20:19:47,344 - mylog - INFO - 总数据get
2023-06-28 20:19:47,385 - mylog - INFO - 数据已经写入文件中
2023-06-28 20:19:52,386 - mylog - INFO - 总数据get
2023-06-28 20:19:52,522 - mylog - INFO - 数据已经写入文件中
2023-06-28 20:19:57,424 - mylog - INFO - 总数据get
2023-06-28 20:19:57,559 - mylog - INFO - 数据已经写入文件中
2023-06-28 20:20:02,466 - mylog - INFO - 总数据get
2023-06-28 20:20:02,599 - mylog - INFO - 数据已经写入文件中
2023-06-28 20:20:07,505 - mylog - INFO - 总数据get
2023-06-28 20:20:07,645 - mylog - INFO - 数据已经写入文件中
2023-06-28 20:20:12,543 - mylog - INFO - 总数据get
2023-06-28 20:20:12,687 - mylog - INFO - 数据已经写入文件中
2023-06-28 20:20:17,584 - mylog - INFO - 总数据get
2023-06-28 20:20:17,718 - mylog - INFO - 数据已经写入文件中
2023-06-28 20:20:22,591 - mylog - INFO - 总数据get
2023-06-28 20:20:22,720 - mylog - INFO - 数据已经写入文件中
2023-06-28 20:20:27,628 - mylog - INFO - 总数据get
2023-06-28 20:20:27,763 - mylog - INFO - 数据已经写入文件中
2023-06-28 20:20:32,636 - mylog - INFO - 总数据get
2023-06-28 20:20:32,769 - mylog - INFO - 数据已经写入文件中
2023-06-28 20:20:37,674 - mylog - INFO - 总数据get
2023-06-28 20:20:37,817 - mylog - INFO - 数据已经写入文件中
2023-06-28 20:20:42,715 - mylog - INFO - 总数据get
2023-06-28 20:20:42,846 - mylog - INFO - 数据已经写入文件中
2023-06-28 20:20:47,754 - mylog - INFO - 总数据get
2023-06-28 20:20:47,885 - mylog - INFO - 数据已经写入文件中
2023-06-28 20:20:52,795 - mylog - INFO - 总数据get
2023-06-28 20:20:52,924 - mylog - INFO - 数据已经写入文件中
2023-06-28 20:20:57,829 - mylog - INFO - 总数据get
2023-06-28 20:20:57,966 - mylog - INFO - 数据已经写入文件中
2023-06-28 20:21:02,839 - mylog - INFO - 总数据get
2023-06-28 20:21:02,976 - mylog - INFO - 数据已经写入文件中
2023-06-28 20:21:07,890 - mylog - INFO - 总数据get
2023-06-28 20:21:08,025 - mylog - INFO - 数据已经写入文件中
2023-06-28 20:21:12,887 - mylog - INFO - 总数据get
2023-06-28 20:21:13,020 - mylog - INFO - 数据已经写入文件中
2023-06-28 20:21:17,861 - mylog - INFO - 总数据get
2023-06-28 20:21:17,996 - mylog - INFO - 数据已经写入文件中
2023-06-28 20:21:22,897 - mylog - INFO - 总数据get
2023-06-28 20:21:23,027 - mylog - INFO - 数据已经写入文件中
2023-06-28 20:21:27,903 - mylog - INFO - 总数据get
2023-06-28 20:21:28,035 - mylog - INFO - 数据已经写入文件中
2023-06-28 20:21:32,942 - mylog - INFO - 总数据get
2023-06-28 20:21:33,093 - mylog - INFO - 数据已经写入文件中
2023-06-28 20:21:37,982 - mylog - INFO - 总数据get
2023-06-28 20:21:38,121 - mylog - INFO - 数据已经写入文件中
2023-06-28 20:21:43,025 - mylog - INFO - 总数据get
2023-06-28 20:21:43,157 - mylog - INFO - 数据已经写入文件中
2023-06-28 20:21:47,994 - mylog - INFO - 总数据get
2023-06-28 20:21:48,127 - mylog - INFO - 数据已经写入文件中
2023-06-28 20:21:53,003 - mylog - INFO - 总数据get
2023-06-28 20:21:53,138 - mylog - INFO - 数据已经写入文件中
2023-06-28 20:21:58,040 - mylog - INFO - 总数据get
2023-06-28 20:21:58,173 - mylog - INFO - 数据已经写入文件中
2023-06-28 20:22:03,111 - mylog - INFO - 总数据get
2023-06-28 20:22:03,244 - mylog - INFO - 数据已经写入文件中
2023-06-28 20:22:08,120 - mylog - INFO - 总数据get
2023-06-28 20:22:08,251 - mylog - INFO - 数据已经写入文件中
2023-06-28 20:22:13,126 - mylog - INFO - 总数据get
2023-06-28 20:22:13,260 - mylog - INFO - 数据已经写入文件中
2023-06-28 20:22:18,176 - mylog - INFO - 总数据get
2023-06-28 20:22:18,305 - mylog - INFO - 数据已经写入文件中
2023-06-28 20:22:23,140 - mylog - INFO - 总数据get
2023-06-28 20:22:23,274 - mylog - INFO - 数据已经写入文件中
2023-06-28 20:22:28,144 - mylog - INFO - 总数据get
2023-06-28 20:22:28,279 - mylog - INFO - 数据已经写入文件中
2023-06-28 20:22:33,152 - mylog - INFO - 总数据get
2023-06-28 20:22:33,286 - mylog - INFO - 数据已经写入文件中
2023-06-28 20:22:38,158 - mylog - INFO - 总数据get
2023-06-28 20:22:38,290 - mylog - INFO - 数据已经写入文件中
2023-06-28 20:22:43,194 - mylog - INFO - 总数据get
2023-06-28 20:22:43,327 - mylog - INFO - 数据已经写入文件中
2023-06-28 20:22:48,235 - mylog - INFO - 总数据get
2023-06-28 20:22:48,372 - mylog - INFO - 数据已经写入文件中
2023-06-28 20:22:53,243 - mylog - INFO - 总数据get
2023-06-28 20:22:53,384 - mylog - INFO - 数据已经写入文件中
2023-06-28 20:22:58,282 - mylog - INFO - 总数据get
2023-06-28 20:22:58,412 - mylog - INFO - 数据已经写入文件中
2023-06-28 20:30:57,937 - mylog - INFO - 主线程启动开始
2023-06-28 20:31:02,595 - mylog - INFO - 总数据get
2023-06-28 20:31:02,596 - mylog - INFO - 数据已经写入文件中
2023-06-28 20:31:07,582 - mylog - INFO - 总数据get
2023-06-28 20:31:07,718 - mylog - INFO - 数据已经写入文件中
2023-06-28 20:31:12,585 - mylog - INFO - 总数据get
2023-06-28 20:31:12,716 - mylog - INFO - 数据已经写入文件中
2023-06-28 20:31:17,626 - mylog - INFO - 总数据get
2023-06-28 20:31:17,761 - mylog - INFO - 数据已经写入文件中
2023-06-28 20:31:22,666 - mylog - INFO - 总数据get
2023-06-28 20:31:22,797 - mylog - INFO - 数据已经写入文件中
2023-06-28 20:31:27,728 - mylog - INFO - 总数据get
2023-06-28 20:31:27,871 - mylog - INFO - 数据已经写入文件中
2023-06-28 20:31:32,712 - mylog - INFO - 总数据get
2023-06-28 20:31:32,839 - mylog - INFO - 数据已经写入文件中
2023-06-28 20:31:37,716 - mylog - INFO - 总数据get
2023-06-28 20:31:37,847 - mylog - INFO - 数据已经写入文件中
2023-06-28 20:31:42,725 - mylog - INFO - 总数据get
2023-06-28 20:31:42,858 - mylog - INFO - 数据已经写入文件中
2023-06-28 20:31:47,732 - mylog - INFO - 总数据get
2023-06-28 20:31:47,867 - mylog - INFO - 数据已经写入文件中
2023-06-28 20:31:52,734 - mylog - INFO - 总数据get
2023-06-28 20:31:52,870 - mylog - INFO - 数据已经写入文件中
2023-06-28 20:31:57,774 - mylog - INFO - 总数据get
2023-06-28 20:31:57,907 - mylog - INFO - 数据已经写入文件中
2023-06-28 20:32:02,783 - mylog - INFO - 总数据get
2023-06-28 20:32:02,927 - mylog - INFO - 数据已经写入文件中
2023-06-28 20:32:07,820 - mylog - INFO - 总数据get
2023-06-28 20:32:07,954 - mylog - INFO - 数据已经写入文件中
2023-06-28 20:32:12,859 - mylog - INFO - 总数据get
2023-06-28 20:32:12,998 - mylog - INFO - 数据已经写入文件中
2023-06-28 20:32:17,899 - mylog - INFO - 总数据get
2023-06-28 20:32:18,034 - mylog - INFO - 数据已经写入文件中
2023-06-28 20:32:22,940 - mylog - INFO - 总数据get
2023-06-28 20:32:23,070 - mylog - INFO - 数据已经写入文件中
2023-06-28 20:32:27,966 - mylog - INFO - 总数据get
2023-06-28 20:32:28,096 - mylog - INFO - 数据已经写入文件中
2023-06-28 20:32:32,950 - mylog - INFO - 总数据get
2023-06-28 20:32:33,080 - mylog - INFO - 数据已经写入文件中
2023-06-28 20:32:37,990 - mylog - INFO - 总数据get
2023-06-28 20:32:38,119 - mylog - INFO - 数据已经写入文件中
2023-06-28 20:32:42,997 - mylog - INFO - 总数据get
2023-06-28 20:32:43,131 - mylog - INFO - 数据已经写入文件中
2023-06-28 20:32:48,039 - mylog - INFO - 总数据get
2023-06-28 20:32:48,171 - mylog - INFO - 数据已经写入文件中
2023-06-28 20:32:53,077 - mylog - INFO - 总数据get
2023-06-28 20:32:53,214 - mylog - INFO - 数据已经写入文件中
2023-06-28 20:32:58,084 - mylog - INFO - 总数据get
2023-06-28 20:32:58,210 - mylog - INFO - 数据已经写入文件中
2023-06-28 20:33:03,088 - mylog - INFO - 总数据get
2023-06-28 20:33:03,214 - mylog - INFO - 数据已经写入文件中
2023-06-28 20:33:08,133 - mylog - INFO - 总数据get
2023-06-28 20:33:08,276 - mylog - INFO - 数据已经写入文件中
2023-06-28 20:54:55,930 - mylog - INFO - 主线程启动开始
2023-06-28 20:55:00,613 - mylog - INFO - 总数据get
2023-06-28 20:55:00,640 - mylog - INFO - 数据已经写入文件中
2023-06-28 20:55:05,605 - mylog - INFO - 总数据get
2023-06-28 20:55:05,743 - mylog - INFO - 数据已经写入文件中
2023-06-28 20:55:10,599 - mylog - INFO - 总数据get
2023-06-28 20:55:10,732 - mylog - INFO - 数据已经写入文件中
2023-06-28 20:55:15,650 - mylog - INFO - 总数据get
2023-06-28 20:55:15,784 - mylog - INFO - 数据已经写入文件中
2023-06-28 20:55:20,659 - mylog - INFO - 总数据get
2023-06-28 20:55:20,798 - mylog - INFO - 数据已经写入文件中
2023-06-28 20:55:25,665 - mylog - INFO - 总数据get
2023-06-28 20:55:25,795 - mylog - INFO - 数据已经写入文件中
2023-06-28 20:55:30,669 - mylog - INFO - 总数据get
2023-06-28 20:55:30,804 - mylog - INFO - 数据已经写入文件中
2023-06-28 20:55:35,710 - mylog - INFO - 总数据get
2023-06-28 20:55:35,844 - mylog - INFO - 数据已经写入文件中
2023-06-28 20:55:40,714 - mylog - INFO - 总数据get
2023-06-28 20:55:40,842 - mylog - INFO - 数据已经写入文件中
2023-06-28 20:55:45,752 - mylog - INFO - 总数据get
2023-06-28 20:55:45,887 - mylog - INFO - 数据已经写入文件中
2023-06-28 20:55:50,792 - mylog - INFO - 总数据get
2023-06-28 20:55:50,934 - mylog - INFO - 数据已经写入文件中
2023-06-28 20:55:55,833 - mylog - INFO - 总数据get
2023-06-28 20:55:55,965 - mylog - INFO - 数据已经写入文件中
2023-06-28 20:56:00,810 - mylog - INFO - 总数据get
2023-06-28 20:56:00,951 - mylog - INFO - 数据已经写入文件中
2023-06-28 20:56:05,812 - mylog - INFO - 总数据get
2023-06-28 20:56:05,945 - mylog - INFO - 数据已经写入文件中
2023-06-28 20:56:10,851 - mylog - INFO - 总数据get
2023-06-28 20:56:10,994 - mylog - INFO - 数据已经写入文件中
2023-06-28 20:56:15,856 - mylog - INFO - 总数据get
2023-06-28 20:56:15,991 - mylog - INFO - 数据已经写入文件中
2023-06-28 20:56:20,896 - mylog - INFO - 总数据get
2023-06-28 20:56:21,035 - mylog - INFO - 数据已经写入文件中
2023-06-28 20:56:25,932 - mylog - INFO - 总数据get
2023-06-28 20:56:26,062 - mylog - INFO - 数据已经写入文件中
2023-06-28 20:56:30,914 - mylog - INFO - 总数据get
2023-06-28 20:56:31,055 - mylog - INFO - 数据已经写入文件中
2023-06-28 20:56:35,919 - mylog - INFO - 总数据get
2023-06-28 20:56:36,048 - mylog - INFO - 数据已经写入文件中
2023-06-28 20:56:40,953 - mylog - INFO - 总数据get
2023-06-28 20:56:41,081 - mylog - INFO - 数据已经写入文件中
2023-06-28 20:56:45,996 - mylog - INFO - 总数据get
2023-06-28 20:56:46,128 - mylog - INFO - 数据已经写入文件中
2023-06-28 20:56:51,033 - mylog - INFO - 总数据get
2023-06-28 20:56:51,172 - mylog - INFO - 数据已经写入文件中
2023-06-28 20:56:56,073 - mylog - INFO - 总数据get
2023-06-28 20:56:56,205 - mylog - INFO - 数据已经写入文件中
2023-06-28 20:57:01,113 - mylog - INFO - 总数据get
2023-06-28 20:57:01,245 - mylog - INFO - 数据已经写入文件中
2023-06-28 20:57:06,117 - mylog - INFO - 总数据get
2023-06-28 20:57:06,242 - mylog - INFO - 数据已经写入文件中
2023-06-28 20:57:11,157 - mylog - INFO - 总数据get
2023-06-28 20:57:11,291 - mylog - INFO - 数据已经写入文件中
2023-06-28 20:57:16,198 - mylog - INFO - 总数据get
2023-06-28 20:57:16,332 - mylog - INFO - 数据已经写入文件中
2023-06-28 20:57:21,204 - mylog - INFO - 总数据get
2023-06-28 20:57:21,337 - mylog - INFO - 数据已经写入文件中
2023-06-28 20:57:26,246 - mylog - INFO - 总数据get
2023-06-28 20:57:26,379 - mylog - INFO - 数据已经写入文件中
2023-06-28 20:57:31,282 - mylog - INFO - 总数据get
2023-06-28 20:57:31,414 - mylog - INFO - 数据已经写入文件中
2023-06-28 20:57:36,288 - mylog - INFO - 总数据get
2023-06-28 20:57:36,417 - mylog - INFO - 数据已经写入文件中
2023-06-28 20:57:41,298 - mylog - INFO - 总数据get
2023-06-28 20:57:41,434 - mylog - INFO - 数据已经写入文件中
2023-06-28 20:58:17,287 - mylog - INFO - 主线程启动开始
2023-06-28 20:58:33,934 - mylog - INFO - 主线程启动开始
2023-06-28 20:59:01,030 - mylog - INFO - 主线程启动开始
2023-06-28 20:59:29,175 - mylog - INFO - 主线程启动开始
2023-06-28 21:07:33,345 - mylog - INFO - 主线程启动开始
2023-06-28 21:08:00,032 - mylog - INFO - 主线程启动开始
2023-06-28 21:08:04,140 - mylog - INFO - 总数据get
2023-06-28 21:08:04,141 - mylog - INFO - 数据已经写入文件中
2023-06-28 21:08:09,114 - mylog - INFO - 总数据get
2023-06-28 21:08:09,177 - mylog - INFO - 数据已经写入文件中
2023-06-28 21:08:14,121 - mylog - INFO - 总数据get
2023-06-28 21:08:14,251 - mylog - INFO - 数据已经写入文件中
2023-06-28 21:08:19,126 - mylog - INFO - 总数据get
2023-06-28 21:08:19,258 - mylog - INFO - 数据已经写入文件中
2023-06-28 21:08:24,168 - mylog - INFO - 总数据get
2023-06-28 21:08:24,301 - mylog - INFO - 数据已经写入文件中
2023-06-28 21:08:29,142 - mylog - INFO - 总数据get
2023-06-28 21:08:29,277 - mylog - INFO - 数据已经写入文件中
2023-06-28 21:08:34,181 - mylog - INFO - 总数据get
2023-06-28 21:08:34,312 - mylog - INFO - 数据已经写入文件中
2023-06-28 21:08:39,222 - mylog - INFO - 总数据get
2023-06-28 21:08:39,365 - mylog - INFO - 数据已经写入文件中
2023-06-28 21:08:44,226 - mylog - INFO - 总数据get
2023-06-28 21:08:44,354 - mylog - INFO - 数据已经写入文件中
2023-06-28 21:08:49,264 - mylog - INFO - 总数据get
2023-06-28 21:08:49,396 - mylog - INFO - 数据已经写入文件中
2023-06-28 21:08:54,236 - mylog - INFO - 总数据get
2023-06-28 21:08:54,367 - mylog - INFO - 数据已经写入文件中
2023-06-28 21:08:59,244 - mylog - INFO - 总数据get
2023-06-28 21:08:59,375 - mylog - INFO - 数据已经写入文件中
2023-06-28 21:09:04,255 - mylog - INFO - 总数据get
2023-06-28 21:09:04,386 - mylog - INFO - 数据已经写入文件中
2023-06-28 21:09:09,286 - mylog - INFO - 总数据get
2023-06-28 21:09:09,417 - mylog - INFO - 数据已经写入文件中
2023-06-28 21:09:14,296 - mylog - INFO - 总数据get
2023-06-28 21:09:14,424 - mylog - INFO - 数据已经写入文件中
2023-06-28 21:09:19,333 - mylog - INFO - 总数据get
2023-06-28 21:09:19,465 - mylog - INFO - 数据已经写入文件中
2023-06-28 21:09:24,372 - mylog - INFO - 总数据get
2023-06-28 21:09:24,507 - mylog - INFO - 数据已经写入文件中
2023-06-28 21:09:29,378 - mylog - INFO - 总数据get
2023-06-28 21:09:29,509 - mylog - INFO - 数据已经写入文件中
2023-06-28 21:09:34,384 - mylog - INFO - 总数据get
2023-06-28 21:09:34,524 - mylog - INFO - 数据已经写入文件中
2023-06-28 21:09:39,396 - mylog - INFO - 总数据get
2023-06-28 21:09:39,531 - mylog - INFO - 数据已经写入文件中
2023-06-28 21:09:44,431 - mylog - INFO - 总数据get
2023-06-28 21:09:44,559 - mylog - INFO - 数据已经写入文件中
2023-06-28 21:09:49,439 - mylog - INFO - 总数据get
2023-06-28 21:09:49,576 - mylog - INFO - 数据已经写入文件中
2023-06-28 21:09:54,480 - mylog - INFO - 总数据get
2023-06-28 21:09:54,616 - mylog - INFO - 数据已经写入文件中
2023-06-28 21:09:59,481 - mylog - INFO - 总数据get
2023-06-28 21:09:59,613 - mylog - INFO - 数据已经写入文件中
2023-06-28 21:10:04,524 - mylog - INFO - 总数据get
2023-06-28 21:10:04,655 - mylog - INFO - 数据已经写入文件中
2023-06-28 21:10:09,498 - mylog - INFO - 总数据get
2023-06-28 21:10:09,628 - mylog - INFO - 数据已经写入文件中
2023-06-28 21:10:14,513 - mylog - INFO - 总数据get
2023-06-28 21:10:14,641 - mylog - INFO - 数据已经写入文件中
2023-06-28 21:10:19,509 - mylog - INFO - 总数据get
2023-06-28 21:10:19,640 - mylog - INFO - 数据已经写入文件中
2023-06-28 21:10:24,546 - mylog - INFO - 总数据get
2023-06-28 21:10:24,685 - mylog - INFO - 数据已经写入文件中
2023-06-28 21:53:22,233 - mylog - INFO - 主线程启动开始
2023-06-28 21:53:28,343 - mylog - INFO - 存入测试动作数据
2023-06-28 21:53:28,407 - mylog - INFO - 测试数据已经写入文件中
2023-06-28 21:53:38,376 - mylog - INFO - 主线程启动开始
2023-06-28 21:53:44,411 - mylog - INFO - 存入测试动作数据
2023-06-28 21:53:44,498 - mylog - INFO - 测试数据已经写入文件中
2023-06-28 21:54:06,254 - mylog - INFO - 主线程启动开始
2023-06-28 21:54:12,299 - mylog - INFO - 存入测试动作数据
2023-06-28 21:54:12,377 - mylog - INFO - 测试数据已经写入文件中
2023-06-28 22:01:06,321 - mylog - INFO - 主线程启动开始
2023-06-28 22:01:12,417 - mylog - INFO - 存入测试动作数据
2023-06-28 22:01:12,496 - mylog - INFO - 测试数据已经写入文件中
2023-06-28 22:02:19,848 - mylog - INFO - 主线程启动开始
2023-06-28 22:02:29,331 - mylog - INFO - 存入测试动作数据
2023-06-28 22:02:29,456 - mylog - INFO - 测试数据已经写入文件中
2023-06-28 22:12:57,545 - mylog - INFO - 主线程启动开始
2023-06-28 22:13:03,668 - mylog - INFO - 存入测试动作数据
2023-06-28 22:13:03,729 - mylog - INFO - 测试数据已经写入文件中
2023-06-28 22:13:42,008 - mylog - INFO - 主线程启动开始
2023-06-28 22:13:48,982 - mylog - INFO - 存入测试动作数据
2023-06-28 22:13:49,106 - mylog - INFO - 测试数据已经写入文件中
2023-06-28 22:23:50,144 - mylog - INFO - 主线程启动开始
2023-06-28 22:23:56,233 - mylog - INFO - 存入测试动作数据
2023-06-28 22:23:56,304 - mylog - INFO - 测试数据已经写入文件中
2023-06-28 22:24:36,474 - mylog - INFO - 主线程启动开始
2023-06-28 22:24:42,565 - mylog - INFO - 存入测试动作数据
2023-06-28 22:24:42,653 - mylog - INFO - 测试数据已经写入文件中
2023-07-12 15:59:00,422 - mylog - INFO - 主线程启动开始
2023-07-12 15:59:06,535 - mylog - INFO - 存入测试动作数据
2023-07-12 15:59:06,639 - mylog - INFO - 测试数据已经写入文件中
2023-07-12 16:01:21,042 - mylog - INFO - 主线程启动开始
2023-07-12 16:01:25,127 - mylog - INFO - 总数据get
2023-07-12 16:01:25,178 - mylog - INFO - 数据已经写入文件中
2023-07-12 16:01:30,093 - mylog - INFO - 总数据get
2023-07-12 16:01:30,218 - mylog - INFO - 数据已经写入文件中
2023-07-12 16:01:35,131 - mylog - INFO - 总数据get
2023-07-12 16:01:35,263 - mylog - INFO - 数据已经写入文件中
2023-07-12 16:01:40,174 - mylog - INFO - 总数据get
2023-07-12 16:01:40,312 - mylog - INFO - 数据已经写入文件中
2023-07-12 16:01:45,181 - mylog - INFO - 总数据get
2023-07-12 16:01:45,323 - mylog - INFO - 数据已经写入文件中
